# JRE version: OpenJDK Runtime Environment (11.0.13) (build 11.0.13+0-b1751.21-8125866)
# Java VM: OpenJDK 64-Bit Server VM (11.0.13+0-b1751.21-8125866, mixed mode, tiered, compressed oops, g1 gc, windows-amd64)
Heap:
 garbage-first heap   total 196608K, used 43570K [0x0000000080000000, 0x0000000100000000)
  region size 1024K, 27 young (27648K), 1 survivors (1024K)
 Metaspace       used 25372K, capacity 25934K, committed 26288K, reserved 1075200K
  class space    used 3268K, capacity 3484K, committed 3584K, reserved 1048576K
GC Heap History (6 events):
Event: 0.715 GC heap before
{Heap before GC invocations=0 (full 0):
 garbage-first heap   total 196608K, used 29696K [0x0000000080000000, 0x0000000100000000)
  region size 1024K, 24 young (24576K), 0 survivors (0K)
 Metaspace       used 10138K, capacity 10333K, committed 10624K, reserved 1058816K
  class space    used 1045K, capacity 1108K, committed 1152K, reserved 1048576K
}
Event: 0.720 GC heap after
{Heap after GC invocations=1 (full 0):
 garbage-first heap   total 196608K, used 9210K [0x0000000080000000, 0x0000000100000000)
  region size 1024K, 3 young (3072K), 3 survivors (3072K)
 Metaspace       used 10138K, capacity 10333K, committed 10624K, reserved 1058816K
  class space    used 1045K, capacity 1108K, committed 1152K, reserved 1048576K
}
Event: 3.584 GC heap before
{Heap before GC invocations=1 (full 0):
 garbage-first heap   total 196608K, used 114682K [0x0000000080000000, 0x0000000100000000)
  region size 1024K, 107 young (109568K), 3 survivors (3072K)
 Metaspace       used 20779K, capacity 21133K, committed 21296K, reserved 1069056K
  class space    used 2529K, capacity 2688K, committed 2688K, reserved 1048576K
}
Event: 3.596 GC heap after
{Heap after GC invocations=2 (full 0):
 garbage-first heap   total 196608K, used 17068K [0x0000000080000000, 0x0000000100000000)
  region size 1024K, 11 young (11264K), 11 survivors (11264K)
 Metaspace       used 20779K, capacity 21133K, committed 21296K, reserved 1069056K
  class space    used 2529K, capacity 2688K, committed 2688K, reserved 1048576K
}
Event: 3.849 GC heap before
{Heap before GC invocations=3 (full 0):
 garbage-first heap   total 196608K, used 37548K [0x0000000080000000, 0x0000000100000000)
  region size 1024K, 31 young (31744K), 11 survivors (11264K)
 Metaspace       used 22544K, capacity 23012K, committed 23216K, reserved 1069056K
  class space    used 2850K, capacity 3064K, committed 3072K, reserved 1048576K
}
Event: 3.857 GC heap after
{Heap after GC invocations=4 (full 0):
 garbage-first heap   total 196608K, used 17970K [0x0000000080000000, 0x0000000100000000)
  region size 1024K, 1 young (1024K), 1 survivors (1024K)
 Metaspace       used 22544K, capacity 23012K, committed 23216K, reserved 1069056K
  class space    used 2850K, capacity 3064K, committed 3072K, reserved 1048576K
}

