# JRE version: OpenJDK Runtime Environment (11.0.13) (build 11.0.13+0-b1751.21-8125866)
# Java VM: OpenJDK 64-Bit Server VM (11.0.13+0-b1751.21-8125866, mixed mode, tiered, compressed oops, g1 gc, windows-amd64)
Heap:
 garbage-first heap   total 196608K, used 111616K [0x0000000080000000, 0x0000000100000000)
  region size 1024K, 36 young (36864K), 12 survivors (12288K)
 Metaspace       used 85203K, capacity 87511K, committed 87676K, reserved 1124352K
  class space    used 11036K, capacity 11906K, committed 12032K, reserved 1048576K
GC Heap History (20 events):
Event: 4.375 GC heap before
{Heap before GC invocations=5 (full 0):
 garbage-first heap   total 196608K, used 30027K [0x0000000080000000, 0x0000000100000000)
  region size 1024K, 14 young (14336K), 4 survivors (4096K)
 Metaspace       used 34804K, capacity 35553K, committed 35708K, reserved 1081344K
  class space    used 4469K, capacity 4782K, committed 4864K, reserved 1048576K
}
Event: 4.383 GC heap after
{Heap after GC invocations=6 (full 0):
 garbage-first heap   total 196608K, used 22397K [0x0000000080000000, 0x0000000100000000)
  region size 1024K, 6 young (6144K), 6 survivors (6144K)
 Metaspace       used 34804K, capacity 35553K, committed 35708K, reserved 1081344K
  class space    used 4469K, capacity 4782K, committed 4864K, reserved 1048576K
}
Event: 5.459 GC heap before
{Heap before GC invocations=7 (full 0):
 garbage-first heap   total 196608K, used 108413K [0x0000000080000000, 0x0000000100000000)
  region size 1024K, 88 young (90112K), 6 survivors (6144K)
 Metaspace       used 41645K, capacity 42719K, committed 43004K, reserved 1087488K
  class space    used 5295K, capacity 5665K, committed 5760K, reserved 1048576K
}
Event: 5.467 GC heap after
{Heap after GC invocations=8 (full 0):
 garbage-first heap   total 196608K, used 28626K [0x0000000080000000, 0x0000000100000000)
  region size 1024K, 11 young (11264K), 11 survivors (11264K)
 Metaspace       used 41645K, capacity 42719K, committed 43004K, reserved 1087488K
  class space    used 5295K, capacity 5665K, committed 5760K, reserved 1048576K
}
Event: 6.410 GC heap before
{Heap before GC invocations=8 (full 0):
 garbage-first heap   total 196608K, used 117714K [0x0000000080000000, 0x0000000100000000)
  region size 1024K, 97 young (99328K), 11 survivors (11264K)
 Metaspace       used 47997K, capacity 49208K, committed 49532K, reserved 1091584K
  class space    used 6107K, capacity 6550K, committed 6656K, reserved 1048576K
}
Event: 6.421 GC heap after
{Heap after GC invocations=9 (full 0):
 garbage-first heap   total 196608K, used 31288K [0x0000000080000000, 0x0000000100000000)
  region size 1024K, 9 young (9216K), 9 survivors (9216K)
 Metaspace       used 47997K, capacity 49208K, committed 49532K, reserved 1091584K
  class space    used 6107K, capacity 6550K, committed 6656K, reserved 1048576K
}
Event: 7.673 GC heap before
{Heap before GC invocations=9 (full 0):
 garbage-first heap   total 196608K, used 127544K [0x0000000080000000, 0x0000000100000000)
  region size 1024K, 99 young (101376K), 9 survivors (9216K)
 Metaspace       used 56766K, capacity 58181K, committed 58236K, reserved 1099776K
  class space    used 7152K, capacity 7669K, committed 7680K, reserved 1048576K
}
Event: 7.685 GC heap after
{Heap after GC invocations=10 (full 0):
 garbage-first heap   total 196608K, used 43635K [0x0000000080000000, 0x0000000100000000)
  region size 1024K, 11 young (11264K), 11 survivors (11264K)
 Metaspace       used 56766K, capacity 58181K, committed 58236K, reserved 1099776K
  class space    used 7152K, capacity 7669K, committed 7680K, reserved 1048576K
}
Event: 7.903 GC heap before
{Heap before GC invocations=10 (full 0):
 garbage-first heap   total 196608K, used 52851K [0x0000000080000000, 0x0000000100000000)
  region size 1024K, 21 young (21504K), 11 survivors (11264K)
 Metaspace       used 58399K, capacity 59822K, committed 59940K, reserved 1101824K
  class space    used 7378K, capacity 7918K, committed 7936K, reserved 1048576K
}
Event: 7.921 GC heap after
{Heap after GC invocations=11 (full 0):
 garbage-first heap   total 196608K, used 44611K [0x0000000080000000, 0x0000000100000000)
  region size 1024K, 2 young (2048K), 2 survivors (2048K)
 Metaspace       used 58399K, capacity 59822K, committed 59940K, reserved 1101824K
  class space    used 7378K, capacity 7918K, committed 7936K, reserved 1048576K
}
Event: 9.578 GC heap before
{Heap before GC invocations=12 (full 0):
 garbage-first heap   total 196608K, used 137795K [0x0000000080000000, 0x0000000100000000)
  region size 1024K, 86 young (88064K), 2 survivors (2048K)
 Metaspace       used 64959K, capacity 66447K, committed 66556K, reserved 1107968K
  class space    used 8217K, capacity 8786K, committed 8832K, reserved 1048576K
}
Event: 9.586 GC heap after
{Heap after GC invocations=13 (full 0):
 garbage-first heap   total 196608K, used 50534K [0x0000000080000000, 0x0000000100000000)
  region size 1024K, 8 young (8192K), 8 survivors (8192K)
 Metaspace       used 64959K, capacity 66447K, committed 66556K, reserved 1107968K
  class space    used 8217K, capacity 8786K, committed 8832K, reserved 1048576K
}
Event: 10.990 GC heap before
{Heap before GC invocations=13 (full 0):
 garbage-first heap   total 196608K, used 136550K [0x0000000080000000, 0x0000000100000000)
  region size 1024K, 92 young (94208K), 8 survivors (8192K)
 Metaspace       used 70919K, capacity 72510K, committed 72700K, reserved 1112064K
  class space    used 9169K, capacity 9797K, committed 9856K, reserved 1048576K
}
Event: 11.001 GC heap after
{Heap after GC invocations=14 (full 0):
 garbage-first heap   total 196608K, used 56403K [0x0000000080000000, 0x0000000100000000)
  region size 1024K, 6 young (6144K), 6 survivors (6144K)
 Metaspace       used 70919K, capacity 72510K, committed 72700K, reserved 1112064K
  class space    used 9169K, capacity 9797K, committed 9856K, reserved 1048576K
}
Event: 13.161 GC heap before
{Heap before GC invocations=14 (full 0):
 garbage-first heap   total 196608K, used 141395K [0x0000000080000000, 0x0000000100000000)
  region size 1024K, 89 young (91136K), 6 survivors (6144K)
 Metaspace       used 78834K, capacity 80641K, committed 80764K, reserved 1120256K
  class space    used 10247K, capacity 10939K, committed 11008K, reserved 1048576K
}
Event: 13.174 GC heap after
{Heap after GC invocations=15 (full 0):
 garbage-first heap   total 196608K, used 61803K [0x0000000080000000, 0x0000000100000000)
  region size 1024K, 12 young (12288K), 12 survivors (12288K)
 Metaspace       used 78834K, capacity 80641K, committed 80764K, reserved 1120256K
  class space    used 10247K, capacity 10939K, committed 11008K, reserved 1048576K
}
Event: 16.073 GC heap before
{Heap before GC invocations=15 (full 0):
 garbage-first heap   total 196608K, used 144747K [0x0000000080000000, 0x0000000100000000)
  region size 1024K, 94 young (96256K), 12 survivors (12288K)
 Metaspace       used 82368K, capacity 84650K, committed 84860K, reserved 1122304K
  class space    used 10822K, capacity 11656K, committed 11776K, reserved 1048576K
}
Event: 16.088 GC heap after
{Heap after GC invocations=16 (full 0):
 garbage-first heap   total 196608K, used 67353K [0x0000000080000000, 0x0000000100000000)
  region size 1024K, 12 young (12288K), 12 survivors (12288K)
 Metaspace       used 82368K, capacity 84650K, committed 84860K, reserved 1122304K
  class space    used 10822K, capacity 11656K, committed 11776K, reserved 1048576K
}
Event: 20.108 GC heap before
{Heap before GC invocations=16 (full 0):
 garbage-first heap   total 196608K, used 160537K [0x0000000080000000, 0x0000000100000000)
  region size 1024K, 93 young (95232K), 12 survivors (12288K)
 Metaspace       used 85086K, capacity 87251K, committed 87420K, reserved 1124352K
  class space    used 11029K, capacity 11905K, committed 12032K, reserved 1048576K
}
Event: 20.135 GC heap after
{Heap after GC invocations=17 (full 0):
 garbage-first heap   total 196608K, used 88064K [0x0000000080000000, 0x0000000100000000)
  region size 1024K, 12 young (12288K), 12 survivors (12288K)
 Metaspace       used 85086K, capacity 87251K, committed 87420K, reserved 1124352K
  class space    used 11029K, capacity 11905K, committed 12032K, reserved 1048576K
}

