# JRE version: OpenJDK Runtime Environment (11.0.13) (build 11.0.13+0-b1751.21-8125866)
# Java VM: OpenJDK 64-Bit Server VM (11.0.13+0-b1751.21-8125866, mixed mode, tiered, compressed oops, g1 gc, windows-amd64)
Heap:
 garbage-first heap   total 196608K, used 108743K [0x0000000080000000, 0x0000000100000000)
  region size 1024K, 68 young (69632K), 11 survivors (11264K)
 Metaspace       used 69289K, capacity 70947K, committed 71080K, reserved 1112064K
  class space    used 8914K, capacity 9515K, committed 9548K, reserved 1048576K
GC Heap History (16 events):
Event: 0.776 GC heap before
{Heap before GC invocations=0 (full 0):
 garbage-first heap   total 196608K, used 29696K [0x0000000080000000, 0x0000000100000000)
  region size 1024K, 24 young (24576K), 0 survivors (0K)
 Metaspace       used 10162K, capacity 10337K, committed 10624K, reserved 1058816K
  class space    used 1047K, capacity 1108K, committed 1152K, reserved 1048576K
}
Event: 0.782 GC heap after
{Heap after GC invocations=1 (full 0):
 garbage-first heap   total 196608K, used 9339K [0x0000000080000000, 0x0000000100000000)
  region size 1024K, 3 young (3072K), 3 survivors (3072K)
 Metaspace       used 10162K, capacity 10337K, committed 10624K, reserved 1058816K
  class space    used 1047K, capacity 1108K, committed 1152K, reserved 1048576K
}
Event: 3.616 GC heap before
{Heap before GC invocations=1 (full 0):
 garbage-first heap   total 196608K, used 114811K [0x0000000080000000, 0x0000000100000000)
  region size 1024K, 107 young (109568K), 3 survivors (3072K)
 Metaspace       used 20790K, capacity 21201K, committed 21296K, reserved 1069056K
  class space    used 2531K, capacity 2688K, committed 2688K, reserved 1048576K
}
Event: 3.628 GC heap after
{Heap after GC invocations=2 (full 0):
 garbage-first heap   total 196608K, used 16704K [0x0000000080000000, 0x0000000100000000)
  region size 1024K, 11 young (11264K), 11 survivors (11264K)
 Metaspace       used 20790K, capacity 21201K, committed 21296K, reserved 1069056K
  class space    used 2531K, capacity 2688K, committed 2688K, reserved 1048576K
}
Event: 4.184 GC heap before
{Heap before GC invocations=3 (full 0):
 garbage-first heap   total 196608K, used 53568K [0x0000000080000000, 0x0000000100000000)
  region size 1024K, 47 young (48128K), 11 survivors (11264K)
 Metaspace       used 24246K, capacity 24775K, committed 24832K, reserved 1071104K
  class space    used 3089K, capacity 3287K, committed 3328K, reserved 1048576K
}
Event: 4.192 GC heap after
{Heap after GC invocations=4 (full 0):
 garbage-first heap   total 196608K, used 18807K [0x0000000080000000, 0x0000000100000000)
  region size 1024K, 2 young (2048K), 2 survivors (2048K)
 Metaspace       used 24246K, capacity 24775K, committed 24832K, reserved 1071104K
  class space    used 3089K, capacity 3287K, committed 3328K, reserved 1048576K
}
Event: 6.129 GC heap before
{Heap before GC invocations=4 (full 0):
 garbage-first heap   total 196608K, used 100727K [0x0000000080000000, 0x0000000100000000)
  region size 1024K, 83 young (84992K), 2 survivors (2048K)
 Metaspace       used 35214K, capacity 35982K, committed 36048K, reserved 1081344K
  class space    used 4530K, capacity 4840K, committed 4864K, reserved 1048576K
}
Event: 6.140 GC heap after
{Heap after GC invocations=5 (full 0):
 garbage-first heap   total 196608K, used 22677K [0x0000000080000000, 0x0000000100000000)
  region size 1024K, 6 young (6144K), 6 survivors (6144K)
 Metaspace       used 35214K, capacity 35982K, committed 36048K, reserved 1081344K
  class space    used 4530K, capacity 4840K, committed 4864K, reserved 1048576K
}
Event: 8.864 GC heap before
{Heap before GC invocations=6 (full 0):
 garbage-first heap   total 196608K, used 134293K [0x0000000080000000, 0x0000000100000000)
  region size 1024K, 112 young (114688K), 6 survivors (6144K)
 Metaspace       used 44548K, capacity 45626K, committed 45724K, reserved 1089536K
  class space    used 5628K, capacity 6034K, committed 6092K, reserved 1048576K
}
Event: 8.880 GC heap after
{Heap after GC invocations=7 (full 0):
 garbage-first heap   total 196608K, used 29699K [0x0000000080000000, 0x0000000100000000)
  region size 1024K, 13 young (13312K), 13 survivors (13312K)
 Metaspace       used 44548K, capacity 45626K, committed 45724K, reserved 1089536K
  class space    used 5628K, capacity 6034K, committed 6092K, reserved 1048576K
}
Event: 12.453 GC heap before
{Heap before GC invocations=7 (full 0):
 garbage-first heap   total 196608K, used 138243K [0x0000000080000000, 0x0000000100000000)
  region size 1024K, 115 young (117760K), 13 survivors (13312K)
 Metaspace       used 50316K, capacity 51691K, committed 51996K, reserved 1093632K
  class space    used 6358K, capacity 6873K, committed 6988K, reserved 1048576K
}
Event: 12.468 GC heap after
{Heap after GC invocations=8 (full 0):
 garbage-first heap   total 196608K, used 41651K [0x0000000080000000, 0x0000000100000000)
  region size 1024K, 15 young (15360K), 15 survivors (15360K)
 Metaspace       used 50316K, capacity 51691K, committed 51996K, reserved 1093632K
  class space    used 6358K, capacity 6873K, committed 6988K, reserved 1048576K
}
Event: 16.034 GC heap before
{Heap before GC invocations=8 (full 0):
 garbage-first heap   total 196608K, used 103091K [0x0000000080000000, 0x0000000100000000)
  region size 1024K, 76 young (77824K), 15 survivors (15360K)
 Metaspace       used 59037K, capacity 60517K, committed 60636K, reserved 1101824K
  class space    used 7453K, capacity 7977K, committed 8012K, reserved 1048576K
}
Event: 16.055 GC heap after
{Heap after GC invocations=9 (full 0):
 garbage-first heap   total 196608K, used 44399K [0x0000000080000000, 0x0000000100000000)
  region size 1024K, 12 young (12288K), 12 survivors (12288K)
 Metaspace       used 59037K, capacity 60517K, committed 60636K, reserved 1101824K
  class space    used 7453K, capacity 7977K, committed 8012K, reserved 1048576K
}
Event: 19.461 GC heap before
{Heap before GC invocations=10 (full 0):
 garbage-first heap   total 196608K, used 144751K [0x0000000080000000, 0x0000000100000000)
  region size 1024K, 102 young (104448K), 12 survivors (12288K)
 Metaspace       used 65301K, capacity 66870K, committed 67112K, reserved 1107968K
  class space    used 8251K, capacity 8838K, committed 8908K, reserved 1048576K
}
Event: 19.474 GC heap after
{Heap after GC invocations=11 (full 0):
 garbage-first heap   total 196608K, used 51399K [0x0000000080000000, 0x0000000100000000)
  region size 1024K, 11 young (11264K), 11 survivors (11264K)
 Metaspace       used 65301K, capacity 66870K, committed 67112K, reserved 1107968K
  class space    used 8251K, capacity 8838K, committed 8908K, reserved 1048576K
}

