# JRE version: OpenJDK Runtime Environment (11.0.13) (build 11.0.13+0-b1751.21-8125866)
# Java VM: OpenJDK 64-Bit Server VM (11.0.13+0-b1751.21-8125866, mixed mode, tiered, compressed oops, g1 gc, windows-amd64)
Heap:
 garbage-first heap   total 196608K, used 135266K [0x0000000080000000, 0x0000000100000000)
  region size 1024K, 84 young (86016K), 12 survivors (12288K)
 Metaspace       used 83902K, capacity 86081K, committed 86236K, reserved 1124352K
  class space    used 10940K, capacity 11772K, committed 11852K, reserved 1048576K
GC Heap History (20 events):
Event: 2.053 GC heap before
{Heap before GC invocations=2 (full 0):
 garbage-first heap   total 196608K, used 55011K [0x0000000080000000, 0x0000000100000000)
  region size 1024K, 45 young (46080K), 1 survivors (1024K)
 Metaspace       used 14020K, capacity 14339K, committed 14464K, reserved 1062912K
  class space    used 1548K, capacity 1656K, committed 1664K, reserved 1048576K
}
Event: 2.060 GC heap after
{Heap after GC invocations=3 (full 0):
 garbage-first heap   total 196608K, used 15234K [0x0000000080000000, 0x0000000100000000)
  region size 1024K, 6 young (6144K), 6 survivors (6144K)
 Metaspace       used 14020K, capacity 14339K, committed 14464K, reserved 1062912K
  class space    used 1548K, capacity 1656K, committed 1664K, reserved 1048576K
}
Event: 5.017 GC heap before
{Heap before GC invocations=3 (full 0):
 garbage-first heap   total 196608K, used 62338K [0x0000000080000000, 0x0000000100000000)
  region size 1024K, 53 young (54272K), 6 survivors (6144K)
 Metaspace       used 20767K, capacity 21133K, committed 21296K, reserved 1069056K
  class space    used 2529K, capacity 2688K, committed 2688K, reserved 1048576K
}
Event: 5.030 GC heap after
{Heap after GC invocations=4 (full 0):
 garbage-first heap   total 196608K, used 17565K [0x0000000080000000, 0x0000000100000000)
  region size 1024K, 3 young (3072K), 3 survivors (3072K)
 Metaspace       used 20767K, capacity 21133K, committed 21296K, reserved 1069056K
  class space    used 2529K, capacity 2688K, committed 2688K, reserved 1048576K
}
Event: 6.448 GC heap before
{Heap before GC invocations=5 (full 0):
 garbage-first heap   total 196608K, used 92317K [0x0000000080000000, 0x0000000100000000)
  region size 1024K, 76 young (77824K), 3 survivors (3072K)
 Metaspace       used 28096K, capacity 28703K, committed 28800K, reserved 1075200K
  class space    used 3666K, capacity 3880K, committed 3968K, reserved 1048576K
}
Event: 6.456 GC heap after
{Heap after GC invocations=6 (full 0):
 garbage-first heap   total 196608K, used 20105K [0x0000000080000000, 0x0000000100000000)
  region size 1024K, 5 young (5120K), 5 survivors (5120K)
 Metaspace       used 28096K, capacity 28703K, committed 28800K, reserved 1075200K
  class space    used 3666K, capacity 3880K, committed 3968K, reserved 1048576K
}
Event: 7.590 GC heap before
{Heap before GC invocations=6 (full 0):
 garbage-first heap   total 196608K, used 63113K [0x0000000080000000, 0x0000000100000000)
  region size 1024K, 48 young (49152K), 5 survivors (5120K)
 Metaspace       used 35205K, capacity 35977K, committed 36048K, reserved 1081344K
  class space    used 4530K, capacity 4840K, committed 4864K, reserved 1048576K
}
Event: 7.601 GC heap after
{Heap after GC invocations=7 (full 0):
 garbage-first heap   total 196608K, used 23004K [0x0000000080000000, 0x0000000100000000)
  region size 1024K, 8 young (8192K), 8 survivors (8192K)
 Metaspace       used 35205K, capacity 35977K, committed 36048K, reserved 1081344K
  class space    used 4530K, capacity 4840K, committed 4864K, reserved 1048576K
}
Event: 9.698 GC heap before
{Heap before GC invocations=8 (full 0):
 garbage-first heap   total 196608K, used 134620K [0x0000000080000000, 0x0000000100000000)
  region size 1024K, 114 young (116736K), 8 survivors (8192K)
 Metaspace       used 44444K, capacity 45461K, committed 45724K, reserved 1089536K
  class space    used 5613K, capacity 6002K, committed 6092K, reserved 1048576K
}
Event: 9.714 GC heap after
{Heap after GC invocations=9 (full 0):
 garbage-first heap   total 196608K, used 29719K [0x0000000080000000, 0x0000000100000000)
  region size 1024K, 14 young (14336K), 14 survivors (14336K)
 Metaspace       used 44444K, capacity 45461K, committed 45724K, reserved 1089536K
  class space    used 5613K, capacity 6002K, committed 6092K, reserved 1048576K
}
Event: 11.630 GC heap before
{Heap before GC invocations=9 (full 0):
 garbage-first heap   total 196608K, used 137239K [0x0000000080000000, 0x0000000100000000)
  region size 1024K, 115 young (117760K), 14 survivors (14336K)
 Metaspace       used 49920K, capacity 51139K, committed 51356K, reserved 1093632K
  class space    used 6304K, capacity 6776K, committed 6860K, reserved 1048576K
}
Event: 11.649 GC heap after
{Heap after GC invocations=10 (full 0):
 garbage-first heap   total 196608K, used 42076K [0x0000000080000000, 0x0000000100000000)
  region size 1024K, 15 young (15360K), 15 survivors (15360K)
 Metaspace       used 49920K, capacity 51139K, committed 51356K, reserved 1093632K
  class space    used 6304K, capacity 6776K, committed 6860K, reserved 1048576K
}
Event: 13.401 GC heap before
{Heap before GC invocations=10 (full 0):
 garbage-first heap   total 196608K, used 106588K [0x0000000080000000, 0x0000000100000000)
  region size 1024K, 79 young (80896K), 15 survivors (15360K)
 Metaspace       used 59063K, capacity 60463K, committed 60636K, reserved 1101824K
  class space    used 7459K, capacity 7983K, committed 8012K, reserved 1048576K
}
Event: 13.422 GC heap after
{Heap after GC invocations=11 (full 0):
 garbage-first heap   total 196608K, used 44535K [0x0000000080000000, 0x0000000100000000)
  region size 1024K, 11 young (11264K), 11 survivors (11264K)
 Metaspace       used 59063K, capacity 60463K, committed 60636K, reserved 1101824K
  class space    used 7459K, capacity 7983K, committed 8012K, reserved 1048576K
}
Event: 15.378 GC heap before
{Heap before GC invocations=12 (full 0):
 garbage-first heap   total 196608K, used 144887K [0x0000000080000000, 0x0000000100000000)
  region size 1024K, 101 young (103424K), 11 survivors (11264K)
 Metaspace       used 65083K, capacity 66558K, committed 66908K, reserved 1107968K
  class space    used 8225K, capacity 8780K, committed 8908K, reserved 1048576K
}
Event: 15.395 GC heap after
{Heap after GC invocations=13 (full 0):
 garbage-first heap   total 196608K, used 52825K [0x0000000080000000, 0x0000000100000000)
  region size 1024K, 11 young (11264K), 11 survivors (11264K)
 Metaspace       used 65083K, capacity 66558K, committed 66908K, reserved 1107968K
  class space    used 8225K, capacity 8780K, committed 8908K, reserved 1048576K
}
Event: 19.644 GC heap before
{Heap before GC invocations=13 (full 0):
 garbage-first heap   total 196608K, used 142937K [0x0000000080000000, 0x0000000100000000)
  region size 1024K, 99 young (101376K), 11 survivors (11264K)
 Metaspace       used 72318K, capacity 74021K, committed 74204K, reserved 1114112K
  class space    used 9363K, capacity 9992K, committed 10060K, reserved 1048576K
}
Event: 19.671 GC heap after
{Heap after GC invocations=14 (full 0):
 garbage-first heap   total 196608K, used 58366K [0x0000000080000000, 0x0000000100000000)
  region size 1024K, 7 young (7168K), 7 survivors (7168K)
 Metaspace       used 72318K, capacity 74021K, committed 74204K, reserved 1114112K
  class space    used 9363K, capacity 9992K, committed 10060K, reserved 1048576K
}
Event: 23.865 GC heap before
{Heap before GC invocations=14 (full 0):
 garbage-first heap   total 196608K, used 146430K [0x0000000080000000, 0x0000000100000000)
  region size 1024K, 93 young (95232K), 7 survivors (7168K)
 Metaspace       used 80798K, capacity 82759K, committed 82908K, reserved 1120256K
  class space    used 10597K, capacity 11333K, committed 11340K, reserved 1048576K
}
Event: 23.881 GC heap after
{Heap after GC invocations=15 (full 0):
 garbage-first heap   total 196608K, used 63586K [0x0000000080000000, 0x0000000100000000)
  region size 1024K, 12 young (12288K), 12 survivors (12288K)
 Metaspace       used 80798K, capacity 82759K, committed 82908K, reserved 1120256K
  class space    used 10597K, capacity 11333K, committed 11340K, reserved 1048576K
}

