# JRE version: OpenJDK Runtime Environment (11.0.13) (build 11.0.13+0-b1751.21-8125866)
# Java VM: OpenJDK 64-Bit Server VM (11.0.13+0-b1751.21-8125866, mixed mode, tiered, compressed oops, g1 gc, windows-amd64)
Heap:
 garbage-first heap   total 196608K, used 114388K [0x0000000080000000, 0x0000000100000000)
  region size 1024K, 52 young (53248K), 13 survivors (13312K)
 Metaspace       used 84714K, capacity 86870K, committed 87204K, reserved 1124352K
  class space    used 10978K, capacity 11780K, committed 11904K, reserved 1048576K
GC Heap History (20 events):
Event: 2.883 GC heap before
{Heap before GC invocations=1 (full 0):
 garbage-first heap   total 196608K, used 114870K [0x0000000080000000, 0x0000000100000000)
  region size 1024K, 107 young (109568K), 3 survivors (3072K)
 Metaspace       used 20749K, capacity 21133K, committed 21296K, reserved 1069056K
  class space    used 2526K, capacity 2688K, committed 2688K, reserved 1048576K
}
Event: 2.893 GC heap after
{Heap after GC invocations=2 (full 0):
 garbage-first heap   total 196608K, used 17590K [0x0000000080000000, 0x0000000100000000)
  region size 1024K, 11 young (11264K), 11 survivors (11264K)
 Metaspace       used 20749K, capacity 21133K, committed 21296K, reserved 1069056K
  class space    used 2526K, capacity 2688K, committed 2688K, reserved 1048576K
}
Event: 5.044 GC heap before
{Heap before GC invocations=3 (full 0):
 garbage-first heap   total 196608K, used 66742K [0x0000000080000000, 0x0000000100000000)
  region size 1024K, 59 young (60416K), 11 survivors (11264K)
 Metaspace       used 25654K, capacity 26243K, committed 26544K, reserved 1073152K
  class space    used 3321K, capacity 3523K, committed 3584K, reserved 1048576K
}
Event: 5.051 GC heap after
{Heap after GC invocations=4 (full 0):
 garbage-first heap   total 196608K, used 19754K [0x0000000080000000, 0x0000000100000000)
  region size 1024K, 3 young (3072K), 3 survivors (3072K)
 Metaspace       used 25654K, capacity 26243K, committed 26544K, reserved 1073152K
  class space    used 3321K, capacity 3523K, committed 3584K, reserved 1048576K
}
Event: 5.914 GC heap before
{Heap before GC invocations=4 (full 0):
 garbage-first heap   total 196608K, used 87338K [0x0000000080000000, 0x0000000100000000)
  region size 1024K, 70 young (71680K), 3 survivors (3072K)
 Metaspace       used 34813K, capacity 35553K, committed 35708K, reserved 1081344K
  class space    used 4477K, capacity 4782K, committed 4864K, reserved 1048576K
}
Event: 5.922 GC heap after
{Heap after GC invocations=5 (full 0):
 garbage-first heap   total 196608K, used 22929K [0x0000000080000000, 0x0000000100000000)
  region size 1024K, 6 young (6144K), 6 survivors (6144K)
 Metaspace       used 34813K, capacity 35553K, committed 35708K, reserved 1081344K
  class space    used 4477K, capacity 4782K, committed 4864K, reserved 1048576K
}
Event: 7.177 GC heap before
{Heap before GC invocations=6 (full 0):
 garbage-first heap   total 196608K, used 124305K [0x0000000080000000, 0x0000000100000000)
  region size 1024K, 102 young (104448K), 6 survivors (6144K)
 Metaspace       used 43655K, capacity 44589K, committed 44668K, reserved 1087488K
  class space    used 5479K, capacity 5841K, committed 5888K, reserved 1048576K
}
Event: 7.185 GC heap after
{Heap after GC invocations=7 (full 0):
 garbage-first heap   total 196608K, used 29094K [0x0000000080000000, 0x0000000100000000)
  region size 1024K, 12 young (12288K), 12 survivors (12288K)
 Metaspace       used 43655K, capacity 44589K, committed 44668K, reserved 1087488K
  class space    used 5479K, capacity 5841K, committed 5888K, reserved 1048576K
}
Event: 8.133 GC heap before
{Heap before GC invocations=7 (full 0):
 garbage-first heap   total 196608K, used 131494K [0x0000000080000000, 0x0000000100000000)
  region size 1024K, 110 young (112640K), 12 survivors (12288K)
 Metaspace       used 48597K, capacity 49880K, committed 50044K, reserved 1093632K
  class space    used 6145K, capacity 6612K, committed 6656K, reserved 1048576K
}
Event: 8.144 GC heap after
{Heap after GC invocations=8 (full 0):
 garbage-first heap   total 196608K, used 39030K [0x0000000080000000, 0x0000000100000000)
  region size 1024K, 14 young (14336K), 14 survivors (14336K)
 Metaspace       used 48597K, capacity 49880K, committed 50044K, reserved 1093632K
  class space    used 6145K, capacity 6612K, committed 6656K, reserved 1048576K
}
Event: 9.439 GC heap before
{Heap before GC invocations=8 (full 0):
 garbage-first heap   total 196608K, used 115830K [0x0000000080000000, 0x0000000100000000)
  region size 1024K, 88 young (90112K), 14 survivors (14336K)
 Metaspace       used 58479K, capacity 59852K, committed 59940K, reserved 1101824K
  class space    used 7379K, capacity 7906K, committed 7936K, reserved 1048576K
}
Event: 9.457 GC heap after
{Heap after GC invocations=9 (full 0):
 garbage-first heap   total 196608K, used 44426K [0x0000000080000000, 0x0000000100000000)
  region size 1024K, 12 young (12288K), 12 survivors (12288K)
 Metaspace       used 58479K, capacity 59852K, committed 59940K, reserved 1101824K
  class space    used 7379K, capacity 7906K, committed 7936K, reserved 1048576K
}
Event: 11.056 GC heap before
{Heap before GC invocations=10 (full 0):
 garbage-first heap   total 196608K, used 149898K [0x0000000080000000, 0x0000000100000000)
  region size 1024K, 108 young (110592K), 12 survivors (12288K)
 Metaspace       used 65042K, capacity 66514K, committed 66724K, reserved 1107968K
  class space    used 8218K, capacity 8744K, committed 8832K, reserved 1048576K
}
Event: 11.068 GC heap after
{Heap after GC invocations=11 (full 0):
 garbage-first heap   total 196608K, used 52273K [0x0000000080000000, 0x0000000100000000)
  region size 1024K, 13 young (13312K), 13 survivors (13312K)
 Metaspace       used 65042K, capacity 66514K, committed 66724K, reserved 1107968K
  class space    used 8218K, capacity 8744K, committed 8832K, reserved 1048576K
}
Event: 12.706 GC heap before
{Heap before GC invocations=11 (full 0):
 garbage-first heap   total 196608K, used 146481K [0x0000000080000000, 0x0000000100000000)
  region size 1024K, 105 young (107520K), 13 survivors (13312K)
 Metaspace       used 72741K, capacity 74361K, committed 74660K, reserved 1114112K
  class space    used 9418K, capacity 10063K, committed 10112K, reserved 1048576K
}
Event: 12.721 GC heap after
{Heap after GC invocations=12 (full 0):
 garbage-first heap   total 196608K, used 58750K [0x0000000080000000, 0x0000000100000000)
  region size 1024K, 7 young (7168K), 7 survivors (7168K)
 Metaspace       used 72741K, capacity 74361K, committed 74660K, reserved 1114112K
  class space    used 9418K, capacity 10063K, committed 10112K, reserved 1048576K
}
Event: 15.723 GC heap before
{Heap before GC invocations=12 (full 0):
 garbage-first heap   total 196608K, used 149886K [0x0000000080000000, 0x0000000100000000)
  region size 1024K, 96 young (98304K), 7 survivors (7168K)
 Metaspace       used 81159K, capacity 83156K, committed 83364K, reserved 1122304K
  class space    used 10627K, capacity 11377K, committed 11392K, reserved 1048576K
}
Event: 15.734 GC heap after
{Heap after GC invocations=13 (full 0):
 garbage-first heap   total 196608K, used 63571K [0x0000000080000000, 0x0000000100000000)
  region size 1024K, 12 young (12288K), 12 survivors (12288K)
 Metaspace       used 81159K, capacity 83156K, committed 83364K, reserved 1122304K
  class space    used 10627K, capacity 11377K, committed 11392K, reserved 1048576K
}
Event: 18.243 GC heap before
{Heap before GC invocations=13 (full 0):
 garbage-first heap   total 196608K, used 151635K [0x0000000080000000, 0x0000000100000000)
  region size 1024K, 99 young (101376K), 12 survivors (12288K)
 Metaspace       used 84097K, capacity 86251K, committed 86308K, reserved 1124352K
  class space    used 10925K, capacity 11744K, committed 11776K, reserved 1048576K
}
Event: 18.261 GC heap after
{Heap after GC invocations=14 (full 0):
 garbage-first heap   total 196608K, used 73428K [0x0000000080000000, 0x0000000100000000)
  region size 1024K, 13 young (13312K), 13 survivors (13312K)
 Metaspace       used 84097K, capacity 86251K, committed 86308K, reserved 1124352K
  class space    used 10925K, capacity 11744K, committed 11776K, reserved 1048576K
}

