# JRE version: OpenJDK Runtime Environment (11.0.13) (build 11.0.13+0-b1751.21-8125866)
# Java VM: OpenJDK 64-Bit Server VM (11.0.13+0-b1751.21-8125866, mixed mode, tiered, compressed oops, g1 gc, windows-amd64)
Heap:
 garbage-first heap   total 236544K, used 148974K [0x0000000080000000, 0x0000000100000000)
  region size 1024K, 106 young (108544K), 13 survivors (13312K)
 Metaspace       used 74948K, capacity 76704K, committed 77008K, reserved 1116160K
  class space    used 9723K, capacity 10385K, committed 10496K, reserved 1048576K
GC Heap History (20 events):
Event: 0.680 GC heap before
{Heap before GC invocations=0 (full 0):
 garbage-first heap   total 196608K, used 29696K [0x0000000080000000, 0x0000000100000000)
  region size 1024K, 24 young (24576K), 0 survivors (0K)
 Metaspace       used 10133K, capacity 10333K, committed 10624K, reserved 1058816K
  class space    used 1045K, capacity 1108K, committed 1152K, reserved 1048576K
}
Event: 0.686 GC heap after
{Heap after GC invocations=1 (full 0):
 garbage-first heap   total 196608K, used 9323K [0x0000000080000000, 0x0000000100000000)
  region size 1024K, 3 young (3072K), 3 survivors (3072K)
 Metaspace       used 10133K, capacity 10333K, committed 10624K, reserved 1058816K
  class space    used 1045K, capacity 1108K, committed 1152K, reserved 1048576K
}
Event: 0.997 GC heap before
{Heap before GC invocations=1 (full 0):
 garbage-first heap   total 196608K, used 32875K [0x0000000080000000, 0x0000000100000000)
  region size 1024K, 26 young (26624K), 3 survivors (3072K)
 Metaspace       used 11190K, capacity 11386K, committed 11520K, reserved 1058816K
  class space    used 1153K, capacity 1246K, committed 1280K, reserved 1048576K
}
Event: 1.001 GC heap after
{Heap after GC invocations=2 (full 0):
 garbage-first heap   total 196608K, used 10275K [0x0000000080000000, 0x0000000100000000)
  region size 1024K, 1 young (1024K), 1 survivors (1024K)
 Metaspace       used 11190K, capacity 11386K, committed 11520K, reserved 1058816K
  class space    used 1153K, capacity 1246K, committed 1280K, reserved 1048576K
}
Event: 2.679 GC heap before
{Heap before GC invocations=2 (full 0):
 garbage-first heap   total 196608K, used 65571K [0x0000000080000000, 0x0000000100000000)
  region size 1024K, 55 young (56320K), 1 survivors (1024K)
 Metaspace       used 17830K, capacity 18207K, committed 18432K, reserved 1064960K
  class space    used 2093K, capacity 2244K, committed 2304K, reserved 1048576K
}
Event: 2.683 GC heap after
{Heap after GC invocations=3 (full 0):
 garbage-first heap   total 196608K, used 16452K [0x0000000080000000, 0x0000000100000000)
  region size 1024K, 7 young (7168K), 7 survivors (7168K)
 Metaspace       used 17830K, capacity 18207K, committed 18432K, reserved 1064960K
  class space    used 2093K, capacity 2244K, committed 2304K, reserved 1048576K
}
Event: 2.915 GC heap before
{Heap before GC invocations=3 (full 0):
 garbage-first heap   total 196608K, used 42052K [0x0000000080000000, 0x0000000100000000)
  region size 1024K, 33 young (33792K), 7 survivors (7168K)
 Metaspace       used 20787K, capacity 21197K, committed 21296K, reserved 1069056K
  class space    used 2526K, capacity 2688K, committed 2688K, reserved 1048576K
}
Event: 2.920 GC heap after
{Heap after GC invocations=4 (full 0):
 garbage-first heap   total 196608K, used 18004K [0x0000000080000000, 0x0000000100000000)
  region size 1024K, 2 young (2048K), 2 survivors (2048K)
 Metaspace       used 20787K, capacity 21197K, committed 21296K, reserved 1069056K
  class space    used 2526K, capacity 2688K, committed 2688K, reserved 1048576K
}
Event: 3.696 GC heap before
{Heap before GC invocations=5 (full 0):
 garbage-first heap   total 196608K, used 90708K [0x0000000080000000, 0x0000000100000000)
  region size 1024K, 74 young (75776K), 2 survivors (2048K)
 Metaspace       used 27830K, capacity 28412K, committed 28544K, reserved 1073152K
  class space    used 3629K, capacity 3847K, committed 3968K, reserved 1048576K
}
Event: 3.700 GC heap after
{Heap after GC invocations=6 (full 0):
 garbage-first heap   total 196608K, used 20222K [0x0000000080000000, 0x0000000100000000)
  region size 1024K, 4 young (4096K), 4 survivors (4096K)
 Metaspace       used 27830K, capacity 28412K, committed 28544K, reserved 1073152K
  class space    used 3629K, capacity 3847K, committed 3968K, reserved 1048576K
}
Event: 4.416 GC heap before
{Heap before GC invocations=6 (full 0):
 garbage-first heap   total 196608K, used 65278K [0x0000000080000000, 0x0000000100000000)
  region size 1024K, 49 young (50176K), 4 survivors (4096K)
 Metaspace       used 35196K, capacity 35946K, committed 36048K, reserved 1081344K
  class space    used 4521K, capacity 4808K, committed 4864K, reserved 1048576K
}
Event: 4.426 GC heap after
{Heap after GC invocations=7 (full 0):
 garbage-first heap   total 196608K, used 23373K [0x0000000080000000, 0x0000000100000000)
  region size 1024K, 7 young (7168K), 7 survivors (7168K)
 Metaspace       used 35196K, capacity 35946K, committed 36048K, reserved 1081344K
  class space    used 4521K, capacity 4808K, committed 4864K, reserved 1048576K
}
Event: 6.502 GC heap before
{Heap before GC invocations=8 (full 0):
 garbage-first heap   total 196608K, used 137037K [0x0000000080000000, 0x0000000100000000)
  region size 1024K, 115 young (117760K), 7 survivors (7168K)
 Metaspace       used 44636K, capacity 45686K, committed 46032K, reserved 1089536K
  class space    used 5638K, capacity 6034K, committed 6144K, reserved 1048576K
}
Event: 6.517 GC heap after
{Heap after GC invocations=9 (full 0):
 garbage-first heap   total 196608K, used 30187K [0x0000000080000000, 0x0000000100000000)
  region size 1024K, 13 young (13312K), 13 survivors (13312K)
 Metaspace       used 44636K, capacity 45686K, committed 46032K, reserved 1089536K
  class space    used 5638K, capacity 6034K, committed 6144K, reserved 1048576K
}
Event: 8.181 GC heap before
{Heap before GC invocations=9 (full 0):
 garbage-first heap   total 196608K, used 138731K [0x0000000080000000, 0x0000000100000000)
  region size 1024K, 115 young (117760K), 13 survivors (13312K)
 Metaspace       used 50273K, capacity 51530K, committed 51664K, reserved 1093632K
  class space    used 6361K, capacity 6865K, committed 6912K, reserved 1048576K
}
Event: 8.197 GC heap after
{Heap after GC invocations=10 (full 0):
 garbage-first heap   total 196608K, used 42409K [0x0000000080000000, 0x0000000100000000)
  region size 1024K, 15 young (15360K), 15 survivors (15360K)
 Metaspace       used 50273K, capacity 51530K, committed 51664K, reserved 1093632K
  class space    used 6361K, capacity 6865K, committed 6912K, reserved 1048576K
}
Event: 9.620 GC heap before
{Heap before GC invocations=10 (full 0):
 garbage-first heap   total 196608K, used 103849K [0x0000000080000000, 0x0000000100000000)
  region size 1024K, 76 young (77824K), 15 survivors (15360K)
 Metaspace       used 58942K, capacity 60393K, committed 60496K, reserved 1101824K
  class space    used 7451K, capacity 8002K, committed 8064K, reserved 1048576K
}
Event: 9.642 GC heap after
{Heap after GC invocations=11 (full 0):
 garbage-first heap   total 236544K, used 44816K [0x0000000080000000, 0x0000000100000000)
  region size 1024K, 11 young (11264K), 11 survivors (11264K)
 Metaspace       used 58942K, capacity 60393K, committed 60496K, reserved 1101824K
  class space    used 7451K, capacity 8002K, committed 8064K, reserved 1048576K
}
Event: 12.971 GC heap before
{Heap before GC invocations=12 (full 0):
 garbage-first heap   total 236544K, used 172816K [0x0000000080000000, 0x0000000100000000)
  region size 1024K, 129 young (132096K), 11 survivors (11264K)
 Metaspace       used 65372K, capacity 66938K, committed 67280K, reserved 1107968K
  class space    used 8267K, capacity 8865K, committed 8960K, reserved 1048576K
}
Event: 12.984 GC heap after
{Heap after GC invocations=13 (full 0):
 garbage-first heap   total 236544K, used 54766K [0x0000000080000000, 0x0000000100000000)
  region size 1024K, 13 young (13312K), 13 survivors (13312K)
 Metaspace       used 65372K, capacity 66938K, committed 67280K, reserved 1107968K
  class space    used 8267K, capacity 8865K, committed 8960K, reserved 1048576K
}

