# JRE version: OpenJDK Runtime Environment (11.0.13) (build 11.0.13+0-b1751.21-8125866)
# Java VM: OpenJDK 64-Bit Server VM (11.0.13+0-b1751.21-8125866, mixed mode, tiered, compressed oops, g1 gc, windows-amd64)
Heap:
 garbage-first heap   total 196608K, used 112859K [0x0000000080000000, 0x0000000100000000)
  region size 1024K, 28 young (28672K), 13 survivors (13312K)
 Metaspace       used 86010K, capacity 88213K, committed 88272K, reserved 1126400K
  class space    used 11151K, capacity 11983K, committed 12032K, reserved 1048576K
GC Heap History (20 events):
Event: 3.278 GC heap before
{Heap before GC invocations=3 (full 0):
 garbage-first heap   total 196608K, used 46283K [0x0000000080000000, 0x0000000100000000)
  region size 1024K, 37 young (37888K), 7 survivors (7168K)
 Metaspace       used 20779K, capacity 21133K, committed 21296K, reserved 1069056K
  class space    used 2526K, capacity 2688K, committed 2688K, reserved 1048576K
}
Event: 3.284 GC heap after
{Heap after GC invocations=4 (full 0):
 garbage-first heap   total 196608K, used 18093K [0x0000000080000000, 0x0000000100000000)
  region size 1024K, 2 young (2048K), 2 survivors (2048K)
 Metaspace       used 20779K, capacity 21133K, committed 21296K, reserved 1069056K
  class space    used 2526K, capacity 2688K, committed 2688K, reserved 1048576K
}
Event: 4.290 GC heap before
{Heap before GC invocations=5 (full 0):
 garbage-first heap   total 196608K, used 92845K [0x0000000080000000, 0x0000000100000000)
  region size 1024K, 75 young (76800K), 2 survivors (2048K)
 Metaspace       used 27867K, capacity 28479K, committed 28800K, reserved 1075200K
  class space    used 3638K, capacity 3848K, committed 3968K, reserved 1048576K
}
Event: 4.300 GC heap after
{Heap after GC invocations=6 (full 0):
 garbage-first heap   total 196608K, used 20244K [0x0000000080000000, 0x0000000100000000)
  region size 1024K, 4 young (4096K), 4 survivors (4096K)
 Metaspace       used 27867K, capacity 28479K, committed 28800K, reserved 1075200K
  class space    used 3638K, capacity 3848K, committed 3968K, reserved 1048576K
}
Event: 5.414 GC heap before
{Heap before GC invocations=6 (full 0):
 garbage-first heap   total 196608K, used 64276K [0x0000000080000000, 0x0000000100000000)
  region size 1024K, 48 young (49152K), 4 survivors (4096K)
 Metaspace       used 35196K, capacity 35977K, committed 36048K, reserved 1081344K
  class space    used 4524K, capacity 4840K, committed 4864K, reserved 1048576K
}
Event: 5.422 GC heap after
{Heap after GC invocations=7 (full 0):
 garbage-first heap   total 196608K, used 23351K [0x0000000080000000, 0x0000000100000000)
  region size 1024K, 7 young (7168K), 7 survivors (7168K)
 Metaspace       used 35196K, capacity 35977K, committed 36048K, reserved 1081344K
  class space    used 4524K, capacity 4840K, committed 4864K, reserved 1048576K
}
Event: 7.224 GC heap before
{Heap before GC invocations=8 (full 0):
 garbage-first heap   total 196608K, used 128823K [0x0000000080000000, 0x0000000100000000)
  region size 1024K, 107 young (109568K), 7 survivors (7168K)
 Metaspace       used 44037K, capacity 45050K, committed 45392K, reserved 1089536K
  class space    used 5543K, capacity 5928K, committed 6016K, reserved 1048576K
}
Event: 7.237 GC heap after
{Heap after GC invocations=9 (full 0):
 garbage-first heap   total 196608K, used 29822K [0x0000000080000000, 0x0000000100000000)
  region size 1024K, 13 young (13312K), 13 survivors (13312K)
 Metaspace       used 44037K, capacity 45050K, committed 45392K, reserved 1089536K
  class space    used 5543K, capacity 5928K, committed 6016K, reserved 1048576K
}
Event: 8.442 GC heap before
{Heap before GC invocations=9 (full 0):
 garbage-first heap   total 196608K, used 138366K [0x0000000080000000, 0x0000000100000000)
  region size 1024K, 115 young (117760K), 13 survivors (13312K)
 Metaspace       used 49208K, capacity 50489K, committed 50768K, reserved 1093632K
  class space    used 6247K, capacity 6751K, committed 6784K, reserved 1048576K
}
Event: 8.455 GC heap after
{Heap after GC invocations=10 (full 0):
 garbage-first heap   total 196608K, used 42456K [0x0000000080000000, 0x0000000100000000)
  region size 1024K, 15 young (15360K), 15 survivors (15360K)
 Metaspace       used 49208K, capacity 50489K, committed 50768K, reserved 1093632K
  class space    used 6247K, capacity 6751K, committed 6784K, reserved 1048576K
}
Event: 9.944 GC heap before
{Heap before GC invocations=10 (full 0):
 garbage-first heap   total 196608K, used 112088K [0x0000000080000000, 0x0000000100000000)
  region size 1024K, 84 young (86016K), 15 survivors (15360K)
 Metaspace       used 58981K, capacity 60452K, committed 60496K, reserved 1101824K
  class space    used 7465K, capacity 8022K, committed 8064K, reserved 1048576K
}
Event: 9.962 GC heap after
{Heap after GC invocations=11 (full 0):
 garbage-first heap   total 196608K, used 44952K [0x0000000080000000, 0x0000000100000000)
  region size 1024K, 12 young (12288K), 12 survivors (12288K)
 Metaspace       used 58981K, capacity 60452K, committed 60496K, reserved 1101824K
  class space    used 7465K, capacity 8022K, committed 8064K, reserved 1048576K
}
Event: 12.261 GC heap before
{Heap before GC invocations=12 (full 0):
 garbage-first heap   total 196608K, used 151448K [0x0000000080000000, 0x0000000100000000)
  region size 1024K, 109 young (111616K), 12 survivors (12288K)
 Metaspace       used 65170K, capacity 66676K, committed 66896K, reserved 1107968K
  class space    used 8252K, capacity 8819K, committed 8832K, reserved 1048576K
}
Event: 12.281 GC heap after
{Heap after GC invocations=13 (full 0):
 garbage-first heap   total 196608K, used 53098K [0x0000000080000000, 0x0000000100000000)
  region size 1024K, 11 young (11264K), 11 survivors (11264K)
 Metaspace       used 65170K, capacity 66676K, committed 66896K, reserved 1107968K
  class space    used 8252K, capacity 8819K, committed 8832K, reserved 1048576K
}
Event: 15.554 GC heap before
{Heap before GC invocations=13 (full 0):
 garbage-first heap   total 196608K, used 148330K [0x0000000080000000, 0x0000000100000000)
  region size 1024K, 104 young (106496K), 11 survivors (11264K)
 Metaspace       used 73116K, capacity 74797K, committed 74960K, reserved 1114112K
  class space    used 9483K, capacity 10142K, committed 10240K, reserved 1048576K
}
Event: 15.570 GC heap after
{Heap after GC invocations=14 (full 0):
 garbage-first heap   total 196608K, used 59888K [0x0000000080000000, 0x0000000100000000)
  region size 1024K, 7 young (7168K), 7 survivors (7168K)
 Metaspace       used 73116K, capacity 74797K, committed 74960K, reserved 1114112K
  class space    used 9483K, capacity 10142K, committed 10240K, reserved 1048576K
}
Event: 18.949 GC heap before
{Heap before GC invocations=14 (full 0):
 garbage-first heap   total 196608K, used 152048K [0x0000000080000000, 0x0000000100000000)
  region size 1024K, 97 young (99328K), 7 survivors (7168K)
 Metaspace       used 81528K, capacity 83653K, committed 83792K, reserved 1122304K
  class space    used 10722K, capacity 11525K, committed 11648K, reserved 1048576K
}
Event: 18.963 GC heap after
{Heap after GC invocations=15 (full 0):
 garbage-first heap   total 196608K, used 64667K [0x0000000080000000, 0x0000000100000000)
  region size 1024K, 12 young (12288K), 12 survivors (12288K)
 Metaspace       used 81528K, capacity 83653K, committed 83792K, reserved 1122304K
  class space    used 10722K, capacity 11525K, committed 11648K, reserved 1048576K
}
Event: 21.330 GC heap before
{Heap before GC invocations=15 (full 0):
 garbage-first heap   total 196608K, used 154779K [0x0000000080000000, 0x0000000100000000)
  region size 1024K, 99 young (101376K), 12 survivors (12288K)
 Metaspace       used 84461K, capacity 86589K, committed 86864K, reserved 1124352K
  class space    used 10985K, capacity 11818K, committed 11904K, reserved 1048576K
}
Event: 21.359 GC heap after
{Heap after GC invocations=16 (full 0):
 garbage-first heap   total 196608K, used 84187K [0x0000000080000000, 0x0000000100000000)
  region size 1024K, 13 young (13312K), 13 survivors (13312K)
 Metaspace       used 84461K, capacity 86589K, committed 86864K, reserved 1124352K
  class space    used 10985K, capacity 11818K, committed 11904K, reserved 1048576K
}

