# JRE version: OpenJDK Runtime Environment (11.0.13) (build 11.0.13+0-b1751.21-8125866)
# Java VM: OpenJDK 64-Bit Server VM (11.0.13+0-b1751.21-8125866, mixed mode, tiered, compressed oops, g1 gc, windows-amd64)
Heap:
 garbage-first heap   total 200704K, used 126431K [0x0000000080000000, 0x0000000100000000)
  region size 1024K, 36 young (36864K), 11 survivors (11264K)
 Metaspace       used 85851K, capacity 88096K, committed 88272K, reserved 1126400K
  class space    used 11076K, capacity 11937K, committed 12032K, reserved 1048576K
GC Heap History (20 events):
Event: 5.531 GC heap before
{Heap before GC invocations=3 (full 0):
 garbage-first heap   total 196608K, used 81262K [0x0000000080000000, 0x0000000100000000)
  region size 1024K, 74 young (75776K), 11 survivors (11264K)
 Metaspace       used 27073K, capacity 27715K, committed 27904K, reserved 1073152K
  class space    used 3514K, capacity 3740K, committed 3840K, reserved 1048576K
}
Event: 5.542 GC heap after
{Heap after GC invocations=4 (full 0):
 garbage-first heap   total 196608K, used 19383K [0x0000000080000000, 0x0000000100000000)
  region size 1024K, 3 young (3072K), 3 survivors (3072K)
 Metaspace       used 27073K, capacity 27715K, committed 27904K, reserved 1073152K
  class space    used 3514K, capacity 3740K, committed 3840K, reserved 1048576K
}
Event: 6.585 GC heap before
{Heap before GC invocations=4 (full 0):
 garbage-first heap   total 196608K, used 72631K [0x0000000080000000, 0x0000000100000000)
  region size 1024K, 56 young (57344K), 3 survivors (3072K)
 Metaspace       used 35185K, capacity 35950K, committed 36048K, reserved 1081344K
  class space    used 4523K, capacity 4808K, committed 4864K, reserved 1048576K
}
Event: 6.595 GC heap after
{Heap after GC invocations=5 (full 0):
 garbage-first heap   total 196608K, used 22433K [0x0000000080000000, 0x0000000100000000)
  region size 1024K, 6 young (6144K), 6 survivors (6144K)
 Metaspace       used 35185K, capacity 35950K, committed 36048K, reserved 1081344K
  class space    used 4523K, capacity 4808K, committed 4864K, reserved 1048576K
}
Event: 8.518 GC heap before
{Heap before GC invocations=6 (full 0):
 garbage-first heap   total 196608K, used 133025K [0x0000000080000000, 0x0000000100000000)
  region size 1024K, 111 young (113664K), 6 survivors (6144K)
 Metaspace       used 44414K, capacity 45464K, committed 45648K, reserved 1089536K
  class space    used 5609K, capacity 6001K, committed 6016K, reserved 1048576K
}
Event: 8.530 GC heap after
{Heap after GC invocations=7 (full 0):
 garbage-first heap   total 196608K, used 29334K [0x0000000080000000, 0x0000000100000000)
  region size 1024K, 13 young (13312K), 13 survivors (13312K)
 Metaspace       used 44414K, capacity 45464K, committed 45648K, reserved 1089536K
  class space    used 5609K, capacity 6001K, committed 6016K, reserved 1048576K
}
Event: 9.877 GC heap before
{Heap before GC invocations=7 (full 0):
 garbage-first heap   total 196608K, used 137878K [0x0000000080000000, 0x0000000100000000)
  region size 1024K, 115 young (117760K), 13 survivors (13312K)
 Metaspace       used 49886K, capacity 51144K, committed 51280K, reserved 1093632K
  class space    used 6303K, capacity 6776K, committed 6784K, reserved 1048576K
}
Event: 9.890 GC heap after
{Heap after GC invocations=8 (full 0):
 garbage-first heap   total 196608K, used 41058K [0x0000000080000000, 0x0000000100000000)
  region size 1024K, 15 young (15360K), 15 survivors (15360K)
 Metaspace       used 49886K, capacity 51144K, committed 51280K, reserved 1093632K
  class space    used 6303K, capacity 6776K, committed 6784K, reserved 1048576K
}
Event: 11.305 GC heap before
{Heap before GC invocations=8 (full 0):
 garbage-first heap   total 196608K, used 105570K [0x0000000080000000, 0x0000000100000000)
  region size 1024K, 79 young (80896K), 15 survivors (15360K)
 Metaspace       used 59008K, capacity 60403K, committed 60496K, reserved 1101824K
  class space    used 7447K, capacity 7983K, committed 8064K, reserved 1048576K
}
Event: 11.323 GC heap after
{Heap after GC invocations=9 (full 0):
 garbage-first heap   total 196608K, used 43817K [0x0000000080000000, 0x0000000100000000)
  region size 1024K, 11 young (11264K), 11 survivors (11264K)
 Metaspace       used 59008K, capacity 60403K, committed 60496K, reserved 1101824K
  class space    used 7447K, capacity 7983K, committed 8064K, reserved 1048576K
}
Event: 13.354 GC heap before
{Heap before GC invocations=10 (full 0):
 garbage-first heap   total 196608K, used 155433K [0x0000000080000000, 0x0000000100000000)
  region size 1024K, 113 young (115712K), 11 survivors (11264K)
 Metaspace       used 65091K, capacity 66630K, committed 66896K, reserved 1107968K
  class space    used 8222K, capacity 8782K, committed 8832K, reserved 1048576K
}
Event: 13.368 GC heap after
{Heap after GC invocations=11 (full 0):
 garbage-first heap   total 196608K, used 52630K [0x0000000080000000, 0x0000000100000000)
  region size 1024K, 11 young (11264K), 11 survivors (11264K)
 Metaspace       used 65091K, capacity 66630K, committed 66896K, reserved 1107968K
  class space    used 8222K, capacity 8782K, committed 8832K, reserved 1048576K
}
Event: 15.568 GC heap before
{Heap before GC invocations=11 (full 0):
 garbage-first heap   total 196608K, used 149910K [0x0000000080000000, 0x0000000100000000)
  region size 1024K, 106 young (108544K), 11 survivors (11264K)
 Metaspace       used 73924K, capacity 75603K, committed 75728K, reserved 1114112K
  class space    used 9592K, capacity 10236K, committed 10240K, reserved 1048576K
}
Event: 15.585 GC heap after
{Heap after GC invocations=12 (full 0):
 garbage-first heap   total 196608K, used 58725K [0x0000000080000000, 0x0000000100000000)
  region size 1024K, 7 young (7168K), 7 survivors (7168K)
 Metaspace       used 73924K, capacity 75603K, committed 75728K, reserved 1114112K
  class space    used 9592K, capacity 10236K, committed 10240K, reserved 1048576K
}
Event: 18.327 GC heap before
{Heap before GC invocations=12 (full 0):
 garbage-first heap   total 196608K, used 152933K [0x0000000080000000, 0x0000000100000000)
  region size 1024K, 99 young (101376K), 7 survivors (7168K)
 Metaspace       used 81611K, capacity 83724K, committed 84048K, reserved 1122304K
  class space    used 10723K, capacity 11526K, committed 11648K, reserved 1048576K
}
Event: 18.346 GC heap after
{Heap after GC invocations=13 (full 0):
 garbage-first heap   total 196608K, used 64543K [0x0000000080000000, 0x0000000100000000)
  region size 1024K, 13 young (13312K), 13 survivors (13312K)
 Metaspace       used 81611K, capacity 83724K, committed 84048K, reserved 1122304K
  class space    used 10723K, capacity 11526K, committed 11648K, reserved 1048576K
}
Event: 22.081 GC heap before
{Heap before GC invocations=13 (full 0):
 garbage-first heap   total 196608K, used 156703K [0x0000000080000000, 0x0000000100000000)
  region size 1024K, 101 young (103424K), 13 survivors (13312K)
 Metaspace       used 84208K, capacity 86416K, committed 86480K, reserved 1124352K
  class space    used 10941K, capacity 11755K, committed 11776K, reserved 1048576K
}
Event: 22.119 GC heap after
{Heap after GC invocations=14 (full 0):
 garbage-first heap   total 196608K, used 79598K [0x0000000080000000, 0x0000000100000000)
  region size 1024K, 13 young (13312K), 13 survivors (13312K)
 Metaspace       used 84208K, capacity 86416K, committed 86480K, reserved 1124352K
  class space    used 10941K, capacity 11755K, committed 11776K, reserved 1048576K
}
Event: 24.794 GC heap before
{Heap before GC invocations=14 (full 0):
 garbage-first heap   total 196608K, used 167662K [0x0000000080000000, 0x0000000100000000)
  region size 1024K, 81 young (82944K), 13 survivors (13312K)
 Metaspace       used 85112K, capacity 87295K, committed 87376K, reserved 1124352K
  class space    used 11012K, capacity 11856K, committed 11904K, reserved 1048576K
}
Event: 24.916 GC heap after
{Heap after GC invocations=15 (full 0):
 garbage-first heap   total 200704K, used 99807K [0x0000000080000000, 0x0000000100000000)
  region size 1024K, 11 young (11264K), 11 survivors (11264K)
 Metaspace       used 85112K, capacity 87295K, committed 87376K, reserved 1124352K
  class space    used 11012K, capacity 11856K, committed 11904K, reserved 1048576K
}

