# JRE version: OpenJDK Runtime Environment (11.0.13) (build 11.0.13+0-b1751.21-8125866)
# Java VM: OpenJDK 64-Bit Server VM (11.0.13+0-b1751.21-8125866, mixed mode, tiered, compressed oops, g1 gc, windows-amd64)
Heap:
 garbage-first heap   total 196608K, used 128376K [0x0000000080000000, 0x0000000100000000)
  region size 1024K, 58 young (59392K), 8 survivors (8192K)
 Metaspace       used 87558K, capacity 89910K, committed 90108K, reserved 1128448K
  class space    used 11207K, capacity 12075K, committed 12108K, reserved 1048576K
GC Heap History (20 events):
Event: 4.566 GC heap before
{Heap before GC invocations=4 (full 0):
 garbage-first heap   total 196608K, used 66495K [0x0000000080000000, 0x0000000100000000)
  region size 1024K, 50 young (51200K), 3 survivors (3072K)
 Metaspace       used 34866K, capacity 35626K, committed 35708K, reserved 1081344K
  class space    used 4482K, capacity 4786K, committed 4812K, reserved 1048576K
}
Event: 4.574 GC heap after
{Heap after GC invocations=5 (full 0):
 garbage-first heap   total 196608K, used 22021K [0x0000000080000000, 0x0000000100000000)
  region size 1024K, 6 young (6144K), 6 survivors (6144K)
 Metaspace       used 34866K, capacity 35626K, committed 35708K, reserved 1081344K
  class space    used 4482K, capacity 4786K, committed 4812K, reserved 1048576K
}
Event: 6.381 GC heap before
{Heap before GC invocations=6 (full 0):
 garbage-first heap   total 196608K, used 130565K [0x0000000080000000, 0x0000000100000000)
  region size 1024K, 109 young (111616K), 6 survivors (6144K)
 Metaspace       used 44073K, capacity 45113K, committed 45308K, reserved 1089536K
  class space    used 5554K, capacity 5928K, committed 5964K, reserved 1048576K
}
Event: 6.391 GC heap after
{Heap after GC invocations=7 (full 0):
 garbage-first heap   total 196608K, used 28737K [0x0000000080000000, 0x0000000100000000)
  region size 1024K, 12 young (12288K), 12 survivors (12288K)
 Metaspace       used 44073K, capacity 45113K, committed 45308K, reserved 1089536K
  class space    used 5554K, capacity 5928K, committed 5964K, reserved 1048576K
}
Event: 8.107 GC heap before
{Heap before GC invocations=7 (full 0):
 garbage-first heap   total 196608K, used 138305K [0x0000000080000000, 0x0000000100000000)
  region size 1024K, 115 young (117760K), 12 survivors (12288K)
 Metaspace       used 49540K, capacity 50853K, committed 51068K, reserved 1093632K
  class space    used 6276K, capacity 6787K, committed 6860K, reserved 1048576K
}
Event: 8.122 GC heap after
{Heap after GC invocations=8 (full 0):
 garbage-first heap   total 196608K, used 40527K [0x0000000080000000, 0x0000000100000000)
  region size 1024K, 15 young (15360K), 15 survivors (15360K)
 Metaspace       used 49540K, capacity 50853K, committed 51068K, reserved 1093632K
  class space    used 6276K, capacity 6787K, committed 6860K, reserved 1048576K
}
Event: 9.570 GC heap before
{Heap before GC invocations=8 (full 0):
 garbage-first heap   total 196608K, used 101967K [0x0000000080000000, 0x0000000100000000)
  region size 1024K, 76 young (77824K), 15 survivors (15360K)
 Metaspace       used 58358K, capacity 59759K, committed 59900K, reserved 1101824K
  class space    used 7370K, capacity 7918K, committed 8012K, reserved 1048576K
}
Event: 9.593 GC heap after
{Heap after GC invocations=9 (full 0):
 garbage-first heap   total 196608K, used 43654K [0x0000000080000000, 0x0000000100000000)
  region size 1024K, 11 young (11264K), 11 survivors (11264K)
 Metaspace       used 58358K, capacity 59759K, committed 59900K, reserved 1101824K
  class space    used 7370K, capacity 7918K, committed 8012K, reserved 1048576K
}
Event: 12.854 GC heap before
{Heap before GC invocations=10 (full 0):
 garbage-first heap   total 196608K, used 154246K [0x0000000080000000, 0x0000000100000000)
  region size 1024K, 112 young (114688K), 11 survivors (11264K)
 Metaspace       used 65204K, capacity 66752K, committed 66940K, reserved 1107968K
  class space    used 8253K, capacity 8823K, committed 8908K, reserved 1048576K
}
Event: 12.866 GC heap after
{Heap after GC invocations=11 (full 0):
 garbage-first heap   total 196608K, used 51890K [0x0000000080000000, 0x0000000100000000)
  region size 1024K, 11 young (11264K), 11 survivors (11264K)
 Metaspace       used 65204K, capacity 66752K, committed 66940K, reserved 1107968K
  class space    used 8253K, capacity 8823K, committed 8908K, reserved 1048576K
}
Event: 16.432 GC heap before
{Heap before GC invocations=11 (full 0):
 garbage-first heap   total 196608K, used 148146K [0x0000000080000000, 0x0000000100000000)
  region size 1024K, 105 young (107520K), 11 survivors (11264K)
 Metaspace       used 73129K, capacity 74811K, committed 74876K, reserved 1114112K
  class space    used 9487K, capacity 10146K, committed 10188K, reserved 1048576K
}
Event: 16.452 GC heap after
{Heap after GC invocations=12 (full 0):
 garbage-first heap   total 196608K, used 58167K [0x0000000080000000, 0x0000000100000000)
  region size 1024K, 7 young (7168K), 7 survivors (7168K)
 Metaspace       used 73129K, capacity 74811K, committed 74876K, reserved 1114112K
  class space    used 9487K, capacity 10146K, committed 10188K, reserved 1048576K
}
Event: 20.175 GC heap before
{Heap before GC invocations=12 (full 0):
 garbage-first heap   total 196608K, used 150327K [0x0000000080000000, 0x0000000100000000)
  region size 1024K, 98 young (100352K), 7 survivors (7168K)
 Metaspace       used 81629K, capacity 83852K, committed 83964K, reserved 1122304K
  class space    used 10749K, capacity 11569K, committed 11596K, reserved 1048576K
}
Event: 20.189 GC heap after
{Heap after GC invocations=13 (full 0):
 garbage-first heap   total 196608K, used 63263K [0x0000000080000000, 0x0000000100000000)
  region size 1024K, 12 young (12288K), 12 survivors (12288K)
 Metaspace       used 81629K, capacity 83852K, committed 83964K, reserved 1122304K
  class space    used 10749K, capacity 11569K, committed 11596K, reserved 1048576K
}
Event: 22.321 GC heap before
{Heap before GC invocations=13 (full 0):
 garbage-first heap   total 196608K, used 153375K [0x0000000080000000, 0x0000000100000000)
  region size 1024K, 101 young (103424K), 12 survivors (12288K)
 Metaspace       used 82852K, capacity 85147K, committed 85372K, reserved 1122304K
  class space    used 10826K, capacity 11688K, committed 11724K, reserved 1048576K
}
Event: 22.341 GC heap after
{Heap after GC invocations=14 (full 0):
 garbage-first heap   total 196608K, used 69940K [0x0000000080000000, 0x0000000100000000)
  region size 1024K, 13 young (13312K), 13 survivors (13312K)
 Metaspace       used 82852K, capacity 85147K, committed 85372K, reserved 1122304K
  class space    used 10826K, capacity 11688K, committed 11724K, reserved 1048576K
}
Event: 1160.481 GC heap before
{Heap before GC invocations=14 (full 0):
 garbage-first heap   total 196608K, used 153908K [0x0000000080000000, 0x0000000100000000)
  region size 1024K, 96 young (98304K), 13 survivors (13312K)
 Metaspace       used 84364K, capacity 86607K, committed 86780K, reserved 1124352K
  class space    used 10963K, capacity 11809K, committed 11852K, reserved 1048576K
}
Event: 1160.508 GC heap after
{Heap after GC invocations=15 (full 0):
 garbage-first heap   total 196608K, used 74021K [0x0000000080000000, 0x0000000100000000)
  region size 1024K, 5 young (5120K), 5 survivors (5120K)
 Metaspace       used 84364K, capacity 86607K, committed 86780K, reserved 1124352K
  class space    used 10963K, capacity 11809K, committed 11852K, reserved 1048576K
}
Event: 4074.065 GC heap before
{Heap before GC invocations=15 (full 0):
 garbage-first heap   total 196608K, used 157989K [0x0000000080000000, 0x0000000100000000)
  region size 1024K, 88 young (90112K), 5 survivors (5120K)
 Metaspace       used 85044K, capacity 87343K, committed 87548K, reserved 1124352K
  class space    used 10979K, capacity 11837K, committed 11852K, reserved 1048576K
}
Event: 4074.099 GC heap after
{Heap after GC invocations=16 (full 0):
 garbage-first heap   total 196608K, used 77176K [0x0000000080000000, 0x0000000100000000)
  region size 1024K, 8 young (8192K), 8 survivors (8192K)
 Metaspace       used 85044K, capacity 87343K, committed 87548K, reserved 1124352K
  class space    used 10979K, capacity 11837K, committed 11852K, reserved 1048576K
}

