# JRE version: OpenJDK Runtime Environment (11.0.13) (build 11.0.13+0-b1751.21-8125866)
# Java VM: OpenJDK 64-Bit Server VM (11.0.13+0-b1751.21-8125866, mixed mode, tiered, compressed oops, g1 gc, windows-amd64)
Heap:
 garbage-first heap   total 197632K, used 110567K [0x0000000080000000, 0x0000000100000000)
  region size 1024K, 14 young (14336K), 5 survivors (5120K)
 Metaspace       used 88491K, capacity 90576K, committed 91260K, reserved 1128448K
  class space    used 11236K, capacity 12027K, committed 12236K, reserved 1048576K
GC Heap History (20 events):
Event: 6.025 GC heap before
{Heap before GC invocations=6 (full 0):
 garbage-first heap   total 196608K, used 133488K [0x0000000080000000, 0x0000000100000000)
  region size 1024K, 112 young (114688K), 6 survivors (6144K)
 Metaspace       used 44320K, capacity 45288K, committed 45436K, reserved 1089536K
  class space    used 5593K, capacity 5965K, committed 6092K, reserved 1048576K
}
Event: 6.037 GC heap after
{Heap after GC invocations=7 (full 0):
 garbage-first heap   total 196608K, used 29113K [0x0000000080000000, 0x0000000100000000)
  region size 1024K, 13 young (13312K), 13 survivors (13312K)
 Metaspace       used 44320K, capacity 45288K, committed 45436K, reserved 1089536K
  class space    used 5593K, capacity 5965K, committed 6092K, reserved 1048576K
}
Event: 7.085 GC heap before
{Heap before GC invocations=7 (full 0):
 garbage-first heap   total 196608K, used 137657K [0x0000000080000000, 0x0000000100000000)
  region size 1024K, 115 young (117760K), 13 survivors (13312K)
 Metaspace       used 49842K, capacity 51162K, committed 51324K, reserved 1093632K
  class space    used 6322K, capacity 6825K, committed 6860K, reserved 1048576K
}
Event: 7.097 GC heap after
{Heap after GC invocations=8 (full 0):
 garbage-first heap   total 196608K, used 40922K [0x0000000080000000, 0x0000000100000000)
  region size 1024K, 15 young (15360K), 15 survivors (15360K)
 Metaspace       used 49842K, capacity 51162K, committed 51324K, reserved 1093632K
  class space    used 6322K, capacity 6825K, committed 6860K, reserved 1048576K
}
Event: 8.139 GC heap before
{Heap before GC invocations=8 (full 0):
 garbage-first heap   total 196608K, used 99290K [0x0000000080000000, 0x0000000100000000)
  region size 1024K, 73 young (74752K), 15 survivors (15360K)
 Metaspace       used 58364K, capacity 59773K, committed 59900K, reserved 1101824K
  class space    used 7377K, capacity 7923K, committed 8012K, reserved 1048576K
}
Event: 8.156 GC heap after
{Heap after GC invocations=9 (full 0):
 garbage-first heap   total 196608K, used 43740K [0x0000000080000000, 0x0000000100000000)
  region size 1024K, 12 young (12288K), 12 survivors (12288K)
 Metaspace       used 58364K, capacity 59773K, committed 59900K, reserved 1101824K
  class space    used 7377K, capacity 7923K, committed 8012K, reserved 1048576K
}
Event: 9.709 GC heap before
{Heap before GC invocations=10 (full 0):
 garbage-first heap   total 196608K, used 146140K [0x0000000080000000, 0x0000000100000000)
  region size 1024K, 104 young (106496K), 12 survivors (12288K)
 Metaspace       used 65096K, capacity 66606K, committed 66940K, reserved 1107968K
  class space    used 8246K, capacity 8796K, committed 8908K, reserved 1048576K
}
Event: 9.722 GC heap after
{Heap after GC invocations=11 (full 0):
 garbage-first heap   total 196608K, used 51594K [0x0000000080000000, 0x0000000100000000)
  region size 1024K, 11 young (11264K), 11 survivors (11264K)
 Metaspace       used 65096K, capacity 66606K, committed 66940K, reserved 1107968K
  class space    used 8246K, capacity 8796K, committed 8908K, reserved 1048576K
}
Event: 11.188 GC heap before
{Heap before GC invocations=11 (full 0):
 garbage-first heap   total 196608K, used 142730K [0x0000000080000000, 0x0000000100000000)
  region size 1024K, 100 young (102400K), 11 survivors (11264K)
 Metaspace       used 72144K, capacity 73784K, committed 73980K, reserved 1114112K
  class space    used 9360K, capacity 10002K, committed 10060K, reserved 1048576K
}
Event: 11.200 GC heap after
{Heap after GC invocations=12 (full 0):
 garbage-first heap   total 196608K, used 57561K [0x0000000080000000, 0x0000000100000000)
  region size 1024K, 7 young (7168K), 7 survivors (7168K)
 Metaspace       used 72144K, capacity 73784K, committed 73980K, reserved 1114112K
  class space    used 9360K, capacity 10002K, committed 10060K, reserved 1048576K
}
Event: 13.670 GC heap before
{Heap before GC invocations=12 (full 0):
 garbage-first heap   total 196608K, used 147673K [0x0000000080000000, 0x0000000100000000)
  region size 1024K, 95 young (97280K), 7 survivors (7168K)
 Metaspace       used 80882K, capacity 82868K, committed 83068K, reserved 1120256K
  class space    used 10629K, capacity 11392K, committed 11468K, reserved 1048576K
}
Event: 13.680 GC heap after
{Heap after GC invocations=13 (full 0):
 garbage-first heap   total 196608K, used 62216K [0x0000000080000000, 0x0000000100000000)
  region size 1024K, 11 young (11264K), 11 survivors (11264K)
 Metaspace       used 80882K, capacity 82868K, committed 83068K, reserved 1120256K
  class space    used 10629K, capacity 11392K, committed 11468K, reserved 1048576K
}
Event: 16.864 GC heap before
{Heap before GC invocations=13 (full 0):
 garbage-first heap   total 196608K, used 150280K [0x0000000080000000, 0x0000000100000000)
  region size 1024K, 98 young (100352K), 11 survivors (11264K)
 Metaspace       used 84067K, capacity 86191K, committed 86524K, reserved 1124352K
  class space    used 10939K, capacity 11768K, committed 11852K, reserved 1048576K
}
Event: 16.883 GC heap after
{Heap after GC invocations=14 (full 0):
 garbage-first heap   total 196608K, used 71270K [0x0000000080000000, 0x0000000100000000)
  region size 1024K, 13 young (13312K), 13 survivors (13312K)
 Metaspace       used 84067K, capacity 86191K, committed 86524K, reserved 1124352K
  class space    used 10939K, capacity 11768K, committed 11852K, reserved 1048576K
}
Event: 20.472 GC heap before
{Heap before GC invocations=14 (full 0):
 garbage-first heap   total 196608K, used 162406K [0x0000000080000000, 0x0000000100000000)
  region size 1024K, 92 young (94208K), 13 survivors (13312K)
 Metaspace       used 85017K, capacity 87167K, committed 87292K, reserved 1124352K
  class space    used 11010K, capacity 11837K, committed 11852K, reserved 1048576K
}
Event: 20.497 GC heap after
{Heap after GC invocations=15 (full 0):
 garbage-first heap   total 197632K, used 93133K [0x0000000080000000, 0x0000000100000000)
  region size 1024K, 12 young (12288K), 12 survivors (12288K)
 Metaspace       used 85017K, capacity 87167K, committed 87292K, reserved 1124352K
  class space    used 11010K, capacity 11837K, committed 11852K, reserved 1048576K
}
Event: 20.654 GC heap before
{Heap before GC invocations=15 (full 0):
 garbage-first heap   total 197632K, used 104397K [0x0000000080000000, 0x0000000100000000)
  region size 1024K, 17 young (17408K), 12 survivors (12288K)
 Metaspace       used 85023K, capacity 87167K, committed 87292K, reserved 1124352K
  class space    used 11010K, capacity 11837K, committed 11852K, reserved 1048576K
}
Event: 20.671 GC heap after
{Heap after GC invocations=16 (full 0):
 garbage-first heap   total 197632K, used 101480K [0x0000000080000000, 0x0000000100000000)
  region size 1024K, 4 young (4096K), 4 survivors (4096K)
 Metaspace       used 85023K, capacity 87167K, committed 87292K, reserved 1124352K
  class space    used 11010K, capacity 11837K, committed 11852K, reserved 1048576K
}
Event: 21.468 GC heap before
{Heap before GC invocations=17 (full 0):
 garbage-first heap   total 197632K, used 142440K [0x0000000080000000, 0x0000000100000000)
  region size 1024K, 37 young (37888K), 4 survivors (4096K)
 Metaspace       used 87226K, capacity 89295K, committed 89852K, reserved 1126400K
  class space    used 11121K, capacity 11899K, committed 12108K, reserved 1048576K
}
Event: 21.480 GC heap after
{Heap after GC invocations=18 (full 0):
 garbage-first heap   total 197632K, used 102375K [0x0000000080000000, 0x0000000100000000)
  region size 1024K, 5 young (5120K), 5 survivors (5120K)
 Metaspace       used 87226K, capacity 89295K, committed 89852K, reserved 1126400K
  class space    used 11121K, capacity 11899K, committed 12108K, reserved 1048576K
}

