# JRE version: OpenJDK Runtime Environment (11.0.13) (build 11.0.13+0-b1751.21-8125866)
# Java VM: OpenJDK 64-Bit Server VM (11.0.13+0-b1751.21-8125866, mixed mode, tiered, compressed oops, g1 gc, windows-amd64)
Heap:
 garbage-first heap   total 196608K, used 145408K [0x0000000080000000, 0x0000000100000000)
  region size 1024K, 86 young (88064K), 11 survivors (11264K)
 Metaspace       used 85099K, capacity 87299K, committed 87592K, reserved 1124352K
  class space    used 11037K, capacity 11876K, committed 11980K, reserved 1048576K
GC Heap History (20 events):
Event: 8.130 GC heap before
{Heap before GC invocations=4 (full 0):
 garbage-first heap   total 196608K, used 124101K [0x0000000080000000, 0x0000000100000000)
  region size 1024K, 105 young (107520K), 1 survivors (1024K)
 Metaspace       used 34644K, capacity 35393K, committed 35584K, reserved 1079296K
  class space    used 4448K, capacity 4750K, committed 4864K, reserved 1048576K
}
Event: 8.138 GC heap after
{Heap after GC invocations=5 (full 0):
 garbage-first heap   total 196608K, used 21779K [0x0000000080000000, 0x0000000100000000)
  region size 1024K, 5 young (5120K), 5 survivors (5120K)
 Metaspace       used 34644K, capacity 35393K, committed 35584K, reserved 1079296K
  class space    used 4448K, capacity 4750K, committed 4864K, reserved 1048576K
}
Event: 8.242 GC heap before
{Heap before GC invocations=5 (full 0):
 garbage-first heap   total 196608K, used 24851K [0x0000000080000000, 0x0000000100000000)
  region size 1024K, 9 young (9216K), 5 survivors (5120K)
 Metaspace       used 35191K, capacity 35978K, committed 36048K, reserved 1081344K
  class space    used 4528K, capacity 4840K, committed 4864K, reserved 1048576K
}
Event: 8.255 GC heap after
{Heap after GC invocations=6 (full 0):
 garbage-first heap   total 196608K, used 22479K [0x0000000080000000, 0x0000000100000000)
  region size 1024K, 6 young (6144K), 6 survivors (6144K)
 Metaspace       used 35191K, capacity 35978K, committed 36048K, reserved 1081344K
  class space    used 4528K, capacity 4840K, committed 4864K, reserved 1048576K
}
Event: 9.871 GC heap before
{Heap before GC invocations=7 (full 0):
 garbage-first heap   total 196608K, used 99279K [0x0000000080000000, 0x0000000100000000)
  region size 1024K, 78 young (79872K), 6 survivors (6144K)
 Metaspace       used 40971K, capacity 41981K, committed 42140K, reserved 1085440K
  class space    used 5190K, capacity 5554K, committed 5580K, reserved 1048576K
}
Event: 9.882 GC heap after
{Heap after GC invocations=8 (full 0):
 garbage-first heap   total 196608K, used 28119K [0x0000000080000000, 0x0000000100000000)
  region size 1024K, 10 young (10240K), 10 survivors (10240K)
 Metaspace       used 40971K, capacity 41981K, committed 42140K, reserved 1085440K
  class space    used 5190K, capacity 5554K, committed 5580K, reserved 1048576K
}
Event: 11.579 GC heap before
{Heap before GC invocations=8 (full 0):
 garbage-first heap   total 196608K, used 106967K [0x0000000080000000, 0x0000000100000000)
  region size 1024K, 86 young (88064K), 10 survivors (10240K)
 Metaspace       used 47538K, capacity 48752K, committed 49052K, reserved 1091584K
  class space    used 6055K, capacity 6528K, committed 6604K, reserved 1048576K
}
Event: 11.594 GC heap after
{Heap after GC invocations=9 (full 0):
 garbage-first heap   total 196608K, used 31259K [0x0000000080000000, 0x0000000100000000)
  region size 1024K, 9 young (9216K), 9 survivors (9216K)
 Metaspace       used 47538K, capacity 48752K, committed 49052K, reserved 1091584K
  class space    used 6055K, capacity 6528K, committed 6604K, reserved 1048576K
}
Event: 13.269 GC heap before
{Heap before GC invocations=9 (full 0):
 garbage-first heap   total 196608K, used 117275K [0x0000000080000000, 0x0000000100000000)
  region size 1024K, 89 young (91136K), 9 survivors (9216K)
 Metaspace       used 52828K, capacity 54189K, committed 54300K, reserved 1095680K
  class space    used 6685K, capacity 7216K, committed 7244K, reserved 1048576K
}
Event: 13.281 GC heap after
{Heap after GC invocations=10 (full 0):
 garbage-first heap   total 196608K, used 42666K [0x0000000080000000, 0x0000000100000000)
  region size 1024K, 11 young (11264K), 11 survivors (11264K)
 Metaspace       used 52828K, capacity 54189K, committed 54300K, reserved 1095680K
  class space    used 6685K, capacity 7216K, committed 7244K, reserved 1048576K
}
Event: 14.594 GC heap before
{Heap before GC invocations=10 (full 0):
 garbage-first heap   total 196608K, used 84650K [0x0000000080000000, 0x0000000100000000)
  region size 1024K, 53 young (54272K), 11 survivors (11264K)
 Metaspace       used 59074K, capacity 60477K, committed 60572K, reserved 1101824K
  class space    used 7475K, capacity 8051K, committed 8140K, reserved 1048576K
}
Event: 14.611 GC heap after
{Heap after GC invocations=11 (full 0):
 garbage-first heap   total 196608K, used 44689K [0x0000000080000000, 0x0000000100000000)
  region size 1024K, 3 young (3072K), 3 survivors (3072K)
 Metaspace       used 59074K, capacity 60477K, committed 60572K, reserved 1101824K
  class space    used 7475K, capacity 8051K, committed 8140K, reserved 1048576K
}
Event: 17.128 GC heap before
{Heap before GC invocations=12 (full 0):
 garbage-first heap   total 196608K, used 135825K [0x0000000080000000, 0x0000000100000000)
  region size 1024K, 85 young (87040K), 3 survivors (3072K)
 Metaspace       used 65162K, capacity 66662K, committed 66856K, reserved 1107968K
  class space    used 8248K, capacity 8814K, committed 8908K, reserved 1048576K
}
Event: 17.143 GC heap after
{Heap after GC invocations=13 (full 0):
 garbage-first heap   total 196608K, used 51175K [0x0000000080000000, 0x0000000100000000)
  region size 1024K, 9 young (9216K), 9 survivors (9216K)
 Metaspace       used 65162K, capacity 66662K, committed 66856K, reserved 1107968K
  class space    used 8248K, capacity 8814K, committed 8908K, reserved 1048576K
}
Event: 20.779 GC heap before
{Heap before GC invocations=13 (full 0):
 garbage-first heap   total 196608K, used 135143K [0x0000000080000000, 0x0000000100000000)
  region size 1024K, 91 young (93184K), 9 survivors (9216K)
 Metaspace       used 71040K, capacity 72639K, committed 72872K, reserved 1112064K
  class space    used 9183K, capacity 9794K, committed 9804K, reserved 1048576K
}
Event: 20.797 GC heap after
{Heap after GC invocations=14 (full 0):
 garbage-first heap   total 196608K, used 57108K [0x0000000080000000, 0x0000000100000000)
  region size 1024K, 6 young (6144K), 6 survivors (6144K)
 Metaspace       used 71040K, capacity 72639K, committed 72872K, reserved 1112064K
  class space    used 9183K, capacity 9794K, committed 9804K, reserved 1048576K
}
Event: 25.545 GC heap before
{Heap before GC invocations=14 (full 0):
 garbage-first heap   total 196608K, used 141076K [0x0000000080000000, 0x0000000100000000)
  region size 1024K, 88 young (90112K), 6 survivors (6144K)
 Metaspace       used 78997K, capacity 80769K, committed 80936K, reserved 1120256K
  class space    used 10259K, capacity 10936K, committed 10956K, reserved 1048576K
}
Event: 25.561 GC heap after
{Heap after GC invocations=15 (full 0):
 garbage-first heap   total 196608K, used 62205K [0x0000000080000000, 0x0000000100000000)
  region size 1024K, 11 young (11264K), 11 survivors (11264K)
 Metaspace       used 78997K, capacity 80769K, committed 80936K, reserved 1120256K
  class space    used 10259K, capacity 10936K, committed 10956K, reserved 1048576K
}
Event: 29.588 GC heap before
{Heap before GC invocations=15 (full 0):
 garbage-first heap   total 196608K, used 145149K [0x0000000080000000, 0x0000000100000000)
  region size 1024K, 93 young (95232K), 11 survivors (11264K)
 Metaspace       used 83501K, capacity 85773K, committed 85928K, reserved 1124352K
  class space    used 10886K, capacity 11731K, committed 11852K, reserved 1048576K
}
Event: 29.604 GC heap after
{Heap after GC invocations=16 (full 0):
 garbage-first heap   total 196608K, used 67584K [0x0000000080000000, 0x0000000100000000)
  region size 1024K, 11 young (11264K), 11 survivors (11264K)
 Metaspace       used 83501K, capacity 85773K, committed 85928K, reserved 1124352K
  class space    used 10886K, capacity 11731K, committed 11852K, reserved 1048576K
}

