# JRE version: OpenJDK Runtime Environment (11.0.13) (build 11.0.13+0-b1751.21-8125866)
# Java VM: OpenJDK 64-Bit Server VM (11.0.13+0-b1751.21-8125866, mixed mode, tiered, compressed oops, g1 gc, windows-amd64)
Heap:
 garbage-first heap   total 196608K, used 31183K [0x0000000080000000, 0x0000000100000000)
  region size 1024K, 16 young (16384K), 12 survivors (12288K)
 Metaspace       used 42957K, capacity 43953K, committed 44284K, reserved 1087488K
  class space    used 5479K, capacity 5841K, committed 5964K, reserved 1048576K
GC Heap History (12 events):
Event: 1.260 GC heap before
{Heap before GC invocations=0 (full 0):
 garbage-first heap   total 196608K, used 29696K [0x0000000080000000, 0x0000000100000000)
  region size 1024K, 24 young (24576K), 0 survivors (0K)
 Metaspace       used 10181K, capacity 10401K, committed 10624K, reserved 1058816K
  class space    used 1047K, capacity 1108K, committed 1152K, reserved 1048576K
}
Event: 1.265 GC heap after
{Heap after GC invocations=1 (full 0):
 garbage-first heap   total 196608K, used 9242K [0x0000000080000000, 0x0000000100000000)
  region size 1024K, 3 young (3072K), 3 survivors (3072K)
 Metaspace       used 10181K, capacity 10401K, committed 10624K, reserved 1058816K
  class space    used 1047K, capacity 1108K, committed 1152K, reserved 1048576K
}
Event: 4.069 GC heap before
{Heap before GC invocations=1 (full 0):
 garbage-first heap   total 196608K, used 113690K [0x0000000080000000, 0x0000000100000000)
  region size 1024K, 106 young (108544K), 3 survivors (3072K)
 Metaspace       used 20799K, capacity 21137K, committed 21296K, reserved 1069056K
  class space    used 2533K, capacity 2688K, committed 2688K, reserved 1048576K
}
Event: 4.089 GC heap after
{Heap after GC invocations=2 (full 0):
 garbage-first heap   total 196608K, used 17202K [0x0000000080000000, 0x0000000100000000)
  region size 1024K, 11 young (11264K), 11 survivors (11264K)
 Metaspace       used 20799K, capacity 21137K, committed 21296K, reserved 1069056K
  class space    used 2533K, capacity 2688K, committed 2688K, reserved 1048576K
}
Event: 4.374 GC heap before
{Heap before GC invocations=3 (full 0):
 garbage-first heap   total 196608K, used 39730K [0x0000000080000000, 0x0000000100000000)
  region size 1024K, 33 young (33792K), 11 survivors (11264K)
 Metaspace       used 22626K, capacity 23148K, committed 23216K, reserved 1069056K
  class space    used 2870K, capacity 3066K, committed 3072K, reserved 1048576K
}
Event: 4.387 GC heap after
{Heap after GC invocations=4 (full 0):
 garbage-first heap   total 196608K, used 17505K [0x0000000080000000, 0x0000000100000000)
  region size 1024K, 2 young (2048K), 2 survivors (2048K)
 Metaspace       used 22626K, capacity 23148K, committed 23216K, reserved 1069056K
  class space    used 2870K, capacity 3066K, committed 3072K, reserved 1048576K
}
Event: 6.375 GC heap before
{Heap before GC invocations=4 (full 0):
 garbage-first heap   total 196608K, used 100449K [0x0000000080000000, 0x0000000100000000)
  region size 1024K, 83 young (84992K), 2 survivors (2048K)
 Metaspace       used 31204K, capacity 31915K, committed 32048K, reserved 1077248K
  class space    used 4139K, capacity 4418K, committed 4480K, reserved 1048576K
}
Event: 6.380 GC heap after
{Heap after GC invocations=5 (full 0):
 garbage-first heap   total 196608K, used 19862K [0x0000000080000000, 0x0000000100000000)
  region size 1024K, 4 young (4096K), 4 survivors (4096K)
 Metaspace       used 31204K, capacity 31915K, committed 32048K, reserved 1077248K
  class space    used 4139K, capacity 4418K, committed 4480K, reserved 1048576K
}
Event: 6.926 GC heap before
{Heap before GC invocations=5 (full 0):
 garbage-first heap   total 196608K, used 29078K [0x0000000080000000, 0x0000000100000000)
  region size 1024K, 14 young (14336K), 4 survivors (4096K)
 Metaspace       used 34843K, capacity 35621K, committed 35708K, reserved 1081344K
  class space    used 4481K, capacity 4782K, committed 4812K, reserved 1048576K
}
Event: 6.940 GC heap after
{Heap after GC invocations=6 (full 0):
 garbage-first heap   total 196608K, used 21847K [0x0000000080000000, 0x0000000100000000)
  region size 1024K, 6 young (6144K), 6 survivors (6144K)
 Metaspace       used 34843K, capacity 35621K, committed 35708K, reserved 1081344K
  class space    used 4481K, capacity 4782K, committed 4812K, reserved 1048576K
}
Event: 8.753 GC heap before
{Heap before GC invocations=7 (full 0):
 garbage-first heap   total 196608K, used 117079K [0x0000000080000000, 0x0000000100000000)
  region size 1024K, 97 young (99328K), 6 survivors (6144K)
 Metaspace       used 42656K, capacity 43697K, committed 44028K, reserved 1087488K
  class space    used 5457K, capacity 5841K, committed 5964K, reserved 1048576K
}
Event: 8.764 GC heap after
{Heap after GC invocations=8 (full 0):
 garbage-first heap   total 196608K, used 28111K [0x0000000080000000, 0x0000000100000000)
  region size 1024K, 12 young (12288K), 12 survivors (12288K)
 Metaspace       used 42656K, capacity 43697K, committed 44028K, reserved 1087488K
  class space    used 5457K, capacity 5841K, committed 5964K, reserved 1048576K
}

