# JRE version: OpenJDK Runtime Environment (11.0.13) (build 11.0.13+0-b1751.21-8125866)
# Java VM: OpenJDK 64-Bit Server VM (11.0.13+0-b1751.21-8125866, mixed mode, tiered, compressed oops, g1 gc, windows-amd64)
Heap:
 garbage-first heap   total 199680K, used 116510K [0x0000000080000000, 0x0000000100000000)
  region size 1024K, 14 young (14336K), 5 survivors (5120K)
 Metaspace       used 85305K, capacity 87323K, committed 88188K, reserved 1126400K
  class space    used 10979K, capacity 11740K, committed 12032K, reserved 1048576K
GC Heap History (20 events):
Event: 4.485 GC heap before
{Heap before GC invocations=4 (full 0):
 garbage-first heap   total 196608K, used 64297K [0x0000000080000000, 0x0000000100000000)
  region size 1024K, 48 young (49152K), 3 survivors (3072K)
 Metaspace       used 34802K, capacity 35553K, committed 35708K, reserved 1081344K
  class space    used 4474K, capacity 4782K, committed 4864K, reserved 1048576K
}
Event: 4.491 GC heap after
{Heap after GC invocations=5 (full 0):
 garbage-first heap   total 196608K, used 21946K [0x0000000080000000, 0x0000000100000000)
  region size 1024K, 6 young (6144K), 6 survivors (6144K)
 Metaspace       used 34802K, capacity 35553K, committed 35708K, reserved 1081344K
  class space    used 4474K, capacity 4782K, committed 4864K, reserved 1048576K
}
Event: 5.756 GC heap before
{Heap before GC invocations=6 (full 0):
 garbage-first heap   total 196608K, used 118202K [0x0000000080000000, 0x0000000100000000)
  region size 1024K, 98 young (100352K), 6 survivors (6144K)
 Metaspace       used 42668K, capacity 43693K, committed 43900K, reserved 1087488K
  class space    used 5460K, capacity 5841K, committed 5888K, reserved 1048576K
}
Event: 5.767 GC heap after
{Heap after GC invocations=7 (full 0):
 garbage-first heap   total 196608K, used 28326K [0x0000000080000000, 0x0000000100000000)
  region size 1024K, 12 young (12288K), 12 survivors (12288K)
 Metaspace       used 42668K, capacity 43693K, committed 43900K, reserved 1087488K
  class space    used 5460K, capacity 5841K, committed 5888K, reserved 1048576K
}
Event: 6.869 GC heap before
{Heap before GC invocations=7 (full 0):
 garbage-first heap   total 196608K, used 127654K [0x0000000080000000, 0x0000000100000000)
  region size 1024K, 108 young (110592K), 12 survivors (12288K)
 Metaspace       used 48643K, capacity 49985K, committed 50172K, reserved 1093632K
  class space    used 6186K, capacity 6688K, committed 6784K, reserved 1048576K
}
Event: 6.882 GC heap after
{Heap after GC invocations=8 (full 0):
 garbage-first heap   total 196608K, used 32687K [0x0000000080000000, 0x0000000100000000)
  region size 1024K, 10 young (10240K), 10 survivors (10240K)
 Metaspace       used 48643K, capacity 49985K, committed 50172K, reserved 1093632K
  class space    used 6186K, capacity 6688K, committed 6784K, reserved 1048576K
}
Event: 8.169 GC heap before
{Heap before GC invocations=8 (full 0):
 garbage-first heap   total 196608K, used 115631K [0x0000000080000000, 0x0000000100000000)
  region size 1024K, 89 young (91136K), 10 survivors (10240K)
 Metaspace       used 58354K, capacity 59787K, committed 59940K, reserved 1101824K
  class space    used 7389K, capacity 7949K, committed 8064K, reserved 1048576K
}
Event: 8.188 GC heap after
{Heap after GC invocations=9 (full 0):
 garbage-first heap   total 196608K, used 43125K [0x0000000080000000, 0x0000000100000000)
  region size 1024K, 12 young (12288K), 12 survivors (12288K)
 Metaspace       used 58354K, capacity 59787K, committed 59940K, reserved 1101824K
  class space    used 7389K, capacity 7949K, committed 8064K, reserved 1048576K
}
Event: 9.946 GC heap before
{Heap before GC invocations=10 (full 0):
 garbage-first heap   total 196608K, used 145525K [0x0000000080000000, 0x0000000100000000)
  region size 1024K, 105 young (107520K), 12 survivors (12288K)
 Metaspace       used 65157K, capacity 66684K, committed 66812K, reserved 1107968K
  class space    used 8262K, capacity 8822K, committed 8832K, reserved 1048576K
}
Event: 9.974 GC heap after
{Heap after GC invocations=11 (full 0):
 garbage-first heap   total 196608K, used 50435K [0x0000000080000000, 0x0000000100000000)
  region size 1024K, 14 young (14336K), 14 survivors (14336K)
 Metaspace       used 65157K, capacity 66684K, committed 66812K, reserved 1107968K
  class space    used 8262K, capacity 8822K, committed 8832K, reserved 1048576K
}
Event: 11.484 GC heap before
{Heap before GC invocations=12 (full 0):
 garbage-first heap   total 196608K, used 143619K [0x0000000080000000, 0x0000000100000000)
  region size 1024K, 105 young (107520K), 14 survivors (14336K)
 Metaspace       used 72385K, capacity 74177K, committed 74236K, reserved 1114112K
  class space    used 9399K, capacity 10065K, committed 10112K, reserved 1048576K
}
Event: 11.499 GC heap after
{Heap after GC invocations=13 (full 0):
 garbage-first heap   total 196608K, used 57705K [0x0000000080000000, 0x0000000100000000)
  region size 1024K, 14 young (14336K), 14 survivors (14336K)
 Metaspace       used 72385K, capacity 74177K, committed 74236K, reserved 1114112K
  class space    used 9399K, capacity 10065K, committed 10112K, reserved 1048576K
}
Event: 14.156 GC heap before
{Heap before GC invocations=13 (full 0):
 garbage-first heap   total 196608K, used 147817K [0x0000000080000000, 0x0000000100000000)
  region size 1024K, 102 young (104448K), 14 survivors (14336K)
 Metaspace       used 81017K, capacity 83143K, committed 83324K, reserved 1122304K
  class space    used 10647K, capacity 11417K, committed 11520K, reserved 1048576K
}
Event: 14.170 GC heap after
{Heap after GC invocations=14 (full 0):
 garbage-first heap   total 196608K, used 63840K [0x0000000080000000, 0x0000000100000000)
  region size 1024K, 13 young (13312K), 13 survivors (13312K)
 Metaspace       used 81017K, capacity 83143K, committed 83324K, reserved 1122304K
  class space    used 10647K, capacity 11417K, committed 11520K, reserved 1048576K
}
Event: 17.382 GC heap before
{Heap before GC invocations=14 (full 0):
 garbage-first heap   total 196608K, used 150880K [0x0000000080000000, 0x0000000100000000)
  region size 1024K, 99 young (101376K), 13 survivors (13312K)
 Metaspace       used 84312K, capacity 86545K, committed 86780K, reserved 1124352K
  class space    used 11001K, capacity 11862K, committed 11904K, reserved 1048576K
}
Event: 17.398 GC heap after
{Heap after GC invocations=15 (full 0):
 garbage-first heap   total 196608K, used 70394K [0x0000000080000000, 0x0000000100000000)
  region size 1024K, 13 young (13312K), 13 survivors (13312K)
 Metaspace       used 84312K, capacity 86545K, committed 86780K, reserved 1124352K
  class space    used 11001K, capacity 11862K, committed 11904K, reserved 1048576K
}
Event: 20.714 GC heap before
{Heap before GC invocations=15 (full 0):
 garbage-first heap   total 196608K, used 164602K [0x0000000080000000, 0x0000000100000000)
  region size 1024K, 95 young (97280K), 13 survivors (13312K)
 Metaspace       used 85276K, capacity 87616K, committed 87932K, reserved 1126400K
  class space    used 11070K, capacity 11963K, committed 12032K, reserved 1048576K
}
Event: 20.742 GC heap after
{Heap after GC invocations=16 (full 0):
 garbage-first heap   total 199680K, used 91566K [0x0000000080000000, 0x0000000100000000)
  region size 1024K, 12 young (12288K), 12 survivors (12288K)
 Metaspace       used 85276K, capacity 87616K, committed 87932K, reserved 1126400K
  class space    used 11070K, capacity 11963K, committed 12032K, reserved 1048576K
}
Event: 21.081 GC heap before
{Heap before GC invocations=16 (full 0):
 garbage-first heap   total 199680K, used 108974K [0x0000000080000000, 0x0000000100000000)
  region size 1024K, 22 young (22528K), 12 survivors (12288K)
 Metaspace       used 85301K, capacity 87616K, committed 87932K, reserved 1126400K
  class space    used 11072K, capacity 11963K, committed 12032K, reserved 1048576K
}
Event: 21.097 GC heap after
{Heap after GC invocations=17 (full 0):
 garbage-first heap   total 199680K, used 102174K [0x0000000080000000, 0x0000000100000000)
  region size 1024K, 5 young (5120K), 5 survivors (5120K)
 Metaspace       used 85301K, capacity 87616K, committed 87932K, reserved 1126400K
  class space    used 11072K, capacity 11963K, committed 12032K, reserved 1048576K
}

